04/03/2014 15:16:25 devpinoyLogger Starting the test suite
04/03/2014 15:16:25 devpinoyLogger Loading config files
04/03/2014 15:16:25 devpinoyLogger Loading Object XPATHS
04/03/2014 15:16:28 devpinoyLogger total rows -- 446
04/03/2014 15:16:28 devpinoyLogger total cols -- 13
04/03/2014 15:21:31 devpinoyLogger Browser chosen is: Firefox
04/03/2014 15:21:53 devpinoyLogger Started the driver
04/03/2014 15:21:54 devpinoyLogger Skipping the test TC0001
04/03/2014 15:21:54 devpinoyLogger ***********************************TC0001 --- Skip
04/03/2014 15:21:57 devpinoyLogger Skipping the test TC0002
04/03/2014 15:21:57 devpinoyLogger ***********************************TC0002 --- Skip
04/03/2014 15:21:58 devpinoyLogger Skipping the test TC0003
04/03/2014 15:21:58 devpinoyLogger ***********************************TC0003 --- Skip
04/03/2014 15:22:00 devpinoyLogger Skipping the test TC0004
04/03/2014 15:22:00 devpinoyLogger ***********************************TC0004 --- Skip
04/03/2014 15:22:01 devpinoyLogger Skipping the test TC0005
04/03/2014 15:22:01 devpinoyLogger ***********************************TC0005 --- Skip
04/03/2014 15:22:02 devpinoyLogger Skipping the test TC0006
04/03/2014 15:22:02 devpinoyLogger ***********************************TC0006 --- Skip
04/03/2014 15:22:04 devpinoyLogger Skipping the test TC0007
04/03/2014 15:22:04 devpinoyLogger ***********************************TC0007 --- Skip
04/03/2014 15:22:05 devpinoyLogger Skipping the test TC0008
04/03/2014 15:22:05 devpinoyLogger ***********************************TC0008 --- Skip
04/03/2014 15:22:06 devpinoyLogger Skipping the test TC0009
04/03/2014 15:22:06 devpinoyLogger ***********************************TC0009 --- Skip
04/03/2014 15:22:07 devpinoyLogger Skipping the test TC0010
04/03/2014 15:22:07 devpinoyLogger ***********************************TC0010 --- Skip
04/03/2014 15:22:08 devpinoyLogger Skipping the test TC0011
04/03/2014 15:22:08 devpinoyLogger ***********************************TC0011 --- Skip
04/03/2014 15:22:09 devpinoyLogger Skipping the test TC0012
04/03/2014 15:22:09 devpinoyLogger ***********************************TC0012 --- Skip
04/03/2014 15:22:10 devpinoyLogger Skipping the test TC0013
04/03/2014 15:22:10 devpinoyLogger ***********************************TC0013 --- Skip
04/03/2014 15:22:11 devpinoyLogger Skipping the test TC0014
04/03/2014 15:22:11 devpinoyLogger ***********************************TC0014 --- Skip
04/03/2014 15:22:13 devpinoyLogger Skipping the test TC0015
04/03/2014 15:22:13 devpinoyLogger ***********************************TC0015 --- Skip
04/03/2014 15:22:14 devpinoyLogger Skipping the test TC0016
04/03/2014 15:22:14 devpinoyLogger ***********************************TC0016 --- Skip
04/03/2014 15:22:15 devpinoyLogger Skipping the test TC0017
04/03/2014 15:22:15 devpinoyLogger ***********************************TC0017 --- Skip
04/03/2014 15:22:16 devpinoyLogger Skipping the test TC0018
04/03/2014 15:22:16 devpinoyLogger ***********************************TC0018 --- Skip
04/03/2014 15:22:18 devpinoyLogger Skipping the test TC0019
04/03/2014 15:22:18 devpinoyLogger ***********************************TC0019 --- Skip
04/03/2014 15:22:19 devpinoyLogger Skipping the test TC0020
04/03/2014 15:22:19 devpinoyLogger ***********************************TC0020 --- Skip
04/03/2014 15:22:20 devpinoyLogger Skipping the test TC0021
04/03/2014 15:22:20 devpinoyLogger ***********************************TC0021 --- Skip
04/03/2014 15:22:21 devpinoyLogger Skipping the test TC0022
04/03/2014 15:22:21 devpinoyLogger ***********************************TC0022 --- Skip
04/03/2014 15:22:22 devpinoyLogger Skipping the test TC0023
04/03/2014 15:22:22 devpinoyLogger ***********************************TC0023 --- Skip
04/03/2014 15:22:23 devpinoyLogger Skipping the test TC0024
04/03/2014 15:22:23 devpinoyLogger ***********************************TC0024 --- Skip
04/03/2014 15:22:24 devpinoyLogger Skipping the test TC0025
04/03/2014 15:22:24 devpinoyLogger ***********************************TC0025 --- Skip
04/03/2014 15:22:26 devpinoyLogger Skipping the test TC0026
04/03/2014 15:22:26 devpinoyLogger ***********************************TC0026 --- Skip
04/03/2014 15:22:27 devpinoyLogger Skipping the test TC0027
04/03/2014 15:22:27 devpinoyLogger ***********************************TC0027 --- Skip
04/03/2014 15:22:28 devpinoyLogger Skipping the test TC0028
04/03/2014 15:22:28 devpinoyLogger ***********************************TC0028 --- Skip
04/03/2014 15:22:29 devpinoyLogger Skipping the test TC0029
04/03/2014 15:22:29 devpinoyLogger ***********************************TC0029 --- Skip
04/03/2014 15:22:30 devpinoyLogger Skipping the test TC0030
04/03/2014 15:22:30 devpinoyLogger ***********************************TC0030 --- Skip
04/03/2014 15:22:32 devpinoyLogger Skipping the test TC0031
04/03/2014 15:22:32 devpinoyLogger ***********************************TC0031 --- Skip
04/03/2014 15:22:33 devpinoyLogger Skipping the test TC0032
04/03/2014 15:22:33 devpinoyLogger ***********************************TC0032 --- Skip
04/03/2014 15:22:34 devpinoyLogger Skipping the test TC0033
04/03/2014 15:22:34 devpinoyLogger ***********************************TC0033 --- Skip
04/03/2014 15:22:35 devpinoyLogger Skipping the test TC0034
04/03/2014 15:22:35 devpinoyLogger ***********************************TC0034 --- Skip
04/03/2014 15:22:36 devpinoyLogger Skipping the test TC0035
04/03/2014 15:22:36 devpinoyLogger ***********************************TC0035 --- Skip
04/03/2014 15:22:38 devpinoyLogger Skipping the test TC0036
04/03/2014 15:22:38 devpinoyLogger ***********************************TC0036 --- Skip
04/03/2014 15:22:39 devpinoyLogger Skipping the test TC0037
04/03/2014 15:22:39 devpinoyLogger ***********************************TC0037 --- Skip
04/03/2014 15:22:40 devpinoyLogger Skipping the test TC0038
04/03/2014 15:22:40 devpinoyLogger ***********************************TC0038 --- Skip
04/03/2014 15:22:41 devpinoyLogger Skipping the test TC0039
04/03/2014 15:22:41 devpinoyLogger ***********************************TC0039 --- Skip
04/03/2014 15:22:42 devpinoyLogger Skipping the test TC0040
04/03/2014 15:22:42 devpinoyLogger ***********************************TC0040 --- Skip
04/03/2014 15:22:44 devpinoyLogger Skipping the test TC0041
04/03/2014 15:22:44 devpinoyLogger ***********************************TC0041 --- Skip
04/03/2014 15:22:45 devpinoyLogger Skipping the test TC0042
04/03/2014 15:22:45 devpinoyLogger ***********************************TC0042 --- Skip
04/03/2014 15:22:46 devpinoyLogger Skipping the test TC0043
04/03/2014 15:22:46 devpinoyLogger ***********************************TC0043 --- Skip
04/03/2014 15:22:47 devpinoyLogger Skipping the test TC0044
04/03/2014 15:22:47 devpinoyLogger ***********************************TC0044 --- Skip
04/03/2014 15:22:48 devpinoyLogger Skipping the test TC0045
04/03/2014 15:22:48 devpinoyLogger ***********************************TC0045 --- Skip
04/03/2014 15:22:49 devpinoyLogger Skipping the test TC0046
04/03/2014 15:22:49 devpinoyLogger ***********************************TC0046 --- Skip
04/03/2014 15:22:50 devpinoyLogger Skipping the test TC0047
04/03/2014 15:22:50 devpinoyLogger ***********************************TC0047 --- Skip
04/03/2014 15:22:52 devpinoyLogger Skipping the test TC0048
04/03/2014 15:22:52 devpinoyLogger ***********************************TC0048 --- Skip
04/03/2014 15:22:53 devpinoyLogger Skipping the test TC0049
04/03/2014 15:22:53 devpinoyLogger ***********************************TC0049 --- Skip
04/03/2014 15:22:54 devpinoyLogger Skipping the test TC0050
04/03/2014 15:22:54 devpinoyLogger ***********************************TC0050 --- Skip
04/03/2014 15:22:55 devpinoyLogger Skipping the test TC0051
04/03/2014 15:22:55 devpinoyLogger ***********************************TC0051 --- Skip
04/03/2014 15:22:56 devpinoyLogger Skipping the test TC0052
04/03/2014 15:22:56 devpinoyLogger ***********************************TC0052 --- Skip
04/03/2014 15:22:57 devpinoyLogger Skipping the test TC0053
04/03/2014 15:22:57 devpinoyLogger ***********************************TC0053 --- Skip
04/03/2014 15:22:59 devpinoyLogger Skipping the test TC0054
04/03/2014 15:22:59 devpinoyLogger ***********************************TC0054 --- Skip
04/03/2014 15:23:00 devpinoyLogger Skipping the test TC0055
04/03/2014 15:23:00 devpinoyLogger ***********************************TC0055 --- Skip
04/03/2014 15:23:01 devpinoyLogger Skipping the test TC0056
04/03/2014 15:23:01 devpinoyLogger ***********************************TC0056 --- Skip
04/03/2014 15:23:02 devpinoyLogger Skipping the test TC0057
04/03/2014 15:23:02 devpinoyLogger ***********************************TC0057 --- Skip
04/03/2014 15:23:03 devpinoyLogger Skipping the test TC0058
04/03/2014 15:23:03 devpinoyLogger ***********************************TC0058 --- Skip
04/03/2014 15:23:04 devpinoyLogger Skipping the test TC0059
04/03/2014 15:23:04 devpinoyLogger ***********************************TC0059 --- Skip
04/03/2014 15:23:05 devpinoyLogger Skipping the test TC0060
04/03/2014 15:23:05 devpinoyLogger ***********************************TC0060 --- Skip
04/03/2014 15:23:07 devpinoyLogger Skipping the test TC0061
04/03/2014 15:23:07 devpinoyLogger ***********************************TC0061 --- Skip
04/03/2014 15:23:08 devpinoyLogger Skipping the test TC0062
04/03/2014 15:23:08 devpinoyLogger ***********************************TC0062 --- Skip
04/03/2014 15:23:09 devpinoyLogger Skipping the test TC0063
04/03/2014 15:23:09 devpinoyLogger ***********************************TC0063 --- Skip
04/03/2014 15:23:10 devpinoyLogger Skipping the test TC0064
04/03/2014 15:23:10 devpinoyLogger ***********************************TC0064 --- Skip
04/03/2014 15:23:11 devpinoyLogger Skipping the test TC0065
04/03/2014 15:23:11 devpinoyLogger ***********************************TC0065 --- Skip
04/03/2014 15:23:12 devpinoyLogger Skipping the test TC0066
04/03/2014 15:23:12 devpinoyLogger ***********************************TC0066 --- Skip
04/03/2014 15:23:14 devpinoyLogger Skipping the test TC0067
04/03/2014 15:23:14 devpinoyLogger ***********************************TC0067 --- Skip
04/03/2014 15:23:15 devpinoyLogger Skipping the test TC0068
04/03/2014 15:23:15 devpinoyLogger ***********************************TC0068 --- Skip
04/03/2014 15:23:16 devpinoyLogger Skipping the test TC0069
04/03/2014 15:23:16 devpinoyLogger ***********************************TC0069 --- Skip
04/03/2014 15:23:17 devpinoyLogger Skipping the test TC0070
04/03/2014 15:23:17 devpinoyLogger ***********************************TC0070 --- Skip
04/03/2014 15:23:18 devpinoyLogger Skipping the test TC0071
04/03/2014 15:23:18 devpinoyLogger ***********************************TC0071 --- Skip
04/03/2014 15:23:19 devpinoyLogger Skipping the test TC0072
04/03/2014 15:23:19 devpinoyLogger ***********************************TC0072 --- Skip
04/03/2014 15:23:20 devpinoyLogger Skipping the test TC0073
04/03/2014 15:23:20 devpinoyLogger ***********************************TC0073 --- Skip
04/03/2014 15:23:21 devpinoyLogger Skipping the test TC0074
04/03/2014 15:23:21 devpinoyLogger ***********************************TC0074 --- Skip
04/03/2014 15:23:23 devpinoyLogger Skipping the test TC0075
04/03/2014 15:23:23 devpinoyLogger ***********************************TC0075 --- Skip
04/03/2014 15:23:24 devpinoyLogger Skipping the test TC0076
04/03/2014 15:23:24 devpinoyLogger ***********************************TC0076 --- Skip
04/03/2014 15:23:25 devpinoyLogger Skipping the test TC0078
04/03/2014 15:23:25 devpinoyLogger ***********************************TC0078 --- Skip
04/03/2014 15:23:26 devpinoyLogger Skipping the test TC0079
04/03/2014 15:23:26 devpinoyLogger ***********************************TC0079 --- Skip
04/03/2014 15:23:27 devpinoyLogger Skipping the test TC0080
04/03/2014 15:23:27 devpinoyLogger ***********************************TC0080 --- Skip
04/03/2014 15:23:28 devpinoyLogger Skipping the test TC0081
04/03/2014 15:23:28 devpinoyLogger ***********************************TC0081 --- Skip
04/03/2014 15:23:29 devpinoyLogger Skipping the test TC0082
04/03/2014 15:23:29 devpinoyLogger ***********************************TC0082 --- Skip
04/03/2014 15:23:30 devpinoyLogger Skipping the test TC0083
04/03/2014 15:23:30 devpinoyLogger ***********************************TC0083 --- Skip
04/03/2014 15:23:32 devpinoyLogger Skipping the test TC0084
04/03/2014 15:23:32 devpinoyLogger ***********************************TC0084 --- Skip
04/03/2014 15:23:33 devpinoyLogger Skipping the test TC0085
04/03/2014 15:23:33 devpinoyLogger ***********************************TC0085 --- Skip
04/03/2014 15:23:34 devpinoyLogger Skipping the test TC0086
04/03/2014 15:23:34 devpinoyLogger ***********************************TC0086 --- Skip
04/03/2014 15:23:35 devpinoyLogger Skipping the test TC0087
04/03/2014 15:23:35 devpinoyLogger ***********************************TC0087 --- Skip
04/03/2014 15:23:36 devpinoyLogger Skipping the test TC0088
04/03/2014 15:23:36 devpinoyLogger ***********************************TC0088 --- Skip
04/03/2014 15:23:37 devpinoyLogger Skipping the test TC0089
04/03/2014 15:23:37 devpinoyLogger ***********************************TC0089 --- Skip
04/03/2014 15:23:38 devpinoyLogger Skipping the test TC0090
04/03/2014 15:23:38 devpinoyLogger ***********************************TC0090 --- Skip
04/03/2014 15:23:39 devpinoyLogger Skipping the test TC0091
04/03/2014 15:23:39 devpinoyLogger ***********************************TC0091 --- Skip
04/03/2014 15:23:40 devpinoyLogger Skipping the test TC0092
04/03/2014 15:23:40 devpinoyLogger ***********************************TC0092 --- Skip
04/03/2014 15:23:41 devpinoyLogger Skipping the test TC0093
04/03/2014 15:23:41 devpinoyLogger ***********************************TC0093 --- Skip
04/03/2014 15:23:43 devpinoyLogger Skipping the test TC0094
04/03/2014 15:23:43 devpinoyLogger ***********************************TC0094 --- Skip
04/03/2014 15:23:44 devpinoyLogger Skipping the test TC0095
04/03/2014 15:23:44 devpinoyLogger ***********************************TC0095 --- Skip
04/03/2014 15:23:45 devpinoyLogger Skipping the test TC0096
04/03/2014 15:23:45 devpinoyLogger ***********************************TC0096 --- Skip
04/03/2014 15:23:46 devpinoyLogger Skipping the test TC0097
04/03/2014 15:23:46 devpinoyLogger ***********************************TC0097 --- Skip
04/03/2014 15:23:47 devpinoyLogger Skipping the test TC0098
04/03/2014 15:23:47 devpinoyLogger ***********************************TC0098 --- Skip
04/03/2014 15:23:49 devpinoyLogger Skipping the test TC0099
04/03/2014 15:23:49 devpinoyLogger ***********************************TC0099 --- Skip
04/03/2014 15:23:50 devpinoyLogger Skipping the test TC0100
04/03/2014 15:23:50 devpinoyLogger ***********************************TC0100 --- Skip
04/03/2014 15:23:51 devpinoyLogger Skipping the test TC0101
04/03/2014 15:23:51 devpinoyLogger ***********************************TC0101 --- Skip
04/03/2014 15:23:52 devpinoyLogger Skipping the test TC0102
04/03/2014 15:23:52 devpinoyLogger ***********************************TC0102 --- Skip
04/03/2014 15:23:53 devpinoyLogger Skipping the test TC0103
04/03/2014 15:23:53 devpinoyLogger ***********************************TC0103 --- Skip
04/03/2014 15:23:54 devpinoyLogger Skipping the test TC0104
04/03/2014 15:23:54 devpinoyLogger ***********************************TC0104 --- Skip
04/03/2014 15:23:55 devpinoyLogger Skipping the test TC0105
04/03/2014 15:23:55 devpinoyLogger ***********************************TC0105 --- Skip
04/03/2014 15:23:56 devpinoyLogger Skipping the test TC0106
04/03/2014 15:23:56 devpinoyLogger ***********************************TC0106 --- Skip
04/03/2014 15:23:58 devpinoyLogger Skipping the test TC0107
04/03/2014 15:23:58 devpinoyLogger ***********************************TC0107 --- Skip
04/03/2014 15:23:59 devpinoyLogger Skipping the test TC0108
04/03/2014 15:23:59 devpinoyLogger ***********************************TC0108 --- Skip
04/03/2014 15:24:00 devpinoyLogger Skipping the test TC0109
04/03/2014 15:24:00 devpinoyLogger ***********************************TC0109 --- Skip
04/03/2014 15:24:01 devpinoyLogger Skipping the test TC0110
04/03/2014 15:24:01 devpinoyLogger ***********************************TC0110 --- Skip
04/03/2014 15:24:02 devpinoyLogger Skipping the test TC0111
04/03/2014 15:24:02 devpinoyLogger ***********************************TC0111 --- Skip
04/03/2014 15:24:03 devpinoyLogger Skipping the test TC0112
04/03/2014 15:24:03 devpinoyLogger ***********************************TC0112 --- Skip
04/03/2014 15:24:05 devpinoyLogger Skipping the test TC0113
04/03/2014 15:24:05 devpinoyLogger ***********************************TC0113 --- Skip
04/03/2014 15:24:06 devpinoyLogger Skipping the test TC0114
04/03/2014 15:24:06 devpinoyLogger ***********************************TC0114 --- Skip
04/03/2014 15:24:08 devpinoyLogger Skipping the test TC0115
04/03/2014 15:24:08 devpinoyLogger ***********************************TC0115 --- Skip
04/03/2014 15:24:08 devpinoyLogger Skipping the test TC0116
04/03/2014 15:24:08 devpinoyLogger ***********************************TC0116 --- Skip
04/03/2014 15:24:09 devpinoyLogger Skipping the test TC0117
04/03/2014 15:24:09 devpinoyLogger ***********************************TC0117 --- Skip
04/03/2014 15:24:10 devpinoyLogger Skipping the test TC0118
04/03/2014 15:24:10 devpinoyLogger ***********************************TC0118 --- Skip
04/03/2014 15:24:11 devpinoyLogger Skipping the test TC0119
04/03/2014 15:24:11 devpinoyLogger ***********************************TC0119 --- Skip
04/03/2014 15:24:12 devpinoyLogger Skipping the test TC0120
04/03/2014 15:24:12 devpinoyLogger ***********************************TC0120 --- Skip
04/03/2014 15:24:12 devpinoyLogger Skipping the test TC0121
04/03/2014 15:24:12 devpinoyLogger ***********************************TC0121 --- Skip
04/03/2014 15:24:13 devpinoyLogger Skipping the test TC0122
04/03/2014 15:24:13 devpinoyLogger ***********************************TC0122 --- Skip
04/03/2014 15:24:14 devpinoyLogger Skipping the test TC0123
04/03/2014 15:24:14 devpinoyLogger ***********************************TC0123 --- Skip
04/03/2014 15:24:15 devpinoyLogger Skipping the test TC0124
04/03/2014 15:24:15 devpinoyLogger ***********************************TC0124 --- Skip
04/03/2014 15:24:16 devpinoyLogger Skipping the test TC0125
04/03/2014 15:24:16 devpinoyLogger ***********************************TC0125 --- Skip
04/03/2014 15:24:17 devpinoyLogger Skipping the test TC0126
04/03/2014 15:24:17 devpinoyLogger ***********************************TC0126 --- Skip
04/03/2014 15:24:17 devpinoyLogger Skipping the test TC0127
04/03/2014 15:24:17 devpinoyLogger ***********************************TC0127 --- Skip
04/03/2014 15:24:18 devpinoyLogger Skipping the test TC0128
04/03/2014 15:24:18 devpinoyLogger ***********************************TC0128 --- Skip
04/03/2014 15:24:19 devpinoyLogger Skipping the test TC0129
04/03/2014 15:24:19 devpinoyLogger ***********************************TC0129 --- Skip
04/03/2014 15:24:21 devpinoyLogger Skipping the test TC0130
04/03/2014 15:24:21 devpinoyLogger ***********************************TC0130 --- Skip
04/03/2014 15:24:22 devpinoyLogger Skipping the test TC0131
04/03/2014 15:24:22 devpinoyLogger ***********************************TC0131 --- Skip
04/03/2014 15:24:23 devpinoyLogger Executing the test Complete_Regression under the Test name Verbal Reasoning Review Notes Practice Test 1
04/03/2014 15:24:23 devpinoyLogger Executing PBT Test: Verbal Reasoning Review Notes Practice Test 1
04/03/2014 15:24:23 devpinoyLogger Executing Navigate by URL to: http://jasperqa.kaplan.com/loginv8.aspx
04/03/2014 15:24:25 devpinoyLogger Verifying the title match: JspLog_Title
04/03/2014 15:24:25 devpinoyLogger Login:  Login Page sucessfully launched
04/03/2014 15:24:25 devpinoyLogger Executing clear and input Keyword: JspLog_KecUsername
04/03/2014 15:24:25 devpinoyLogger Inside findElememnt - only objName as parameterJspLog_KecUsername
04/03/2014 15:24:25 devpinoyLogger Inside findElememnt - only objName as parameterJspLog_KecUsername
04/03/2014 15:24:25 devpinoyLogger Executing clear and input Keyword: JspLog_KecPassword
04/03/2014 15:24:25 devpinoyLogger Inside findElememnt - only objName as parameterJspLog_KecPassword
04/03/2014 15:24:26 devpinoyLogger Inside findElememnt - only objName as parameterJspLog_KecPassword
04/03/2014 15:24:26 devpinoyLogger Executing clear and input with parameter: JspLog_JasperUsername
04/03/2014 15:24:26 devpinoyLogger Inside findElememnt - only objName as parameterJspLog_JasperUsername
04/03/2014 15:24:27 devpinoyLogger Inside findElememnt - only objName as parameterJspLog_JasperUsername
04/03/2014 15:24:27 devpinoyLogger Executing clear and input with parameter: JspLog_JasperPassword
04/03/2014 15:24:27 devpinoyLogger Inside findElememnt - only objName as parameterJspLog_JasperPassword
04/03/2014 15:24:27 devpinoyLogger Inside findElememnt - only objName as parameterJspLog_JasperPassword
04/03/2014 15:24:27 devpinoyLogger Inside findElememnt - only objName as parameterJspLog_JasperProduct
04/03/2014 15:24:30 devpinoyLogger Executing clickButton Keyword: JspLog_Login
04/03/2014 15:24:30 devpinoyLogger Inside findElememnt - only objName as parameterJspLog_Login
04/03/2014 15:24:30 devpinoyLogger Jasper Login step is completed
04/03/2014 15:24:30 devpinoyLogger Switching to framemain
04/03/2014 15:24:33 devpinoyLogger Executing Linktext: Verbal Reasoning Review Notes Practice Test 1
04/03/2014 15:24:47 devpinoyLogger Executing verifyObjectText Jsp_Footer_Logo
04/03/2014 15:24:47 devpinoyLogger Inside findElememnt - only objName as parameterJsp_Footer_Logo
04/03/2014 15:24:47 devpinoyLogger 1-800-­Kap-Test (1-800-­527-8378)
04/03/2014 15:24:47 devpinoyLogger 1-800-­Kap-Test (1-800-­527-8378)
04/03/2014 15:24:47 devpinoyLogger Executing verifyObjectText Jsp_Footer_Twitter_Text
04/03/2014 15:24:47 devpinoyLogger Inside findElememnt - only objName as parameterJsp_Footer_Twitter_Text
04/03/2014 15:24:47 devpinoyLogger Follow Us On Twitter
04/03/2014 15:24:47 devpinoyLogger Follow Us On Twitter
04/03/2014 15:24:47 devpinoyLogger Executing verifyObjectText Jsp_Footer_FB_Text
04/03/2014 15:24:47 devpinoyLogger Inside findElememnt - only objName as parameterJsp_Footer_FB_Text
04/03/2014 15:24:48 devpinoyLogger Like Us On Facebook
04/03/2014 15:24:48 devpinoyLogger Like Us On Facebook
04/03/2014 15:24:48 devpinoyLogger Page footer contents have been validated
04/03/2014 15:24:48 devpinoyLogger Executing verifyObjectText Jsp_Header_Logo
04/03/2014 15:24:48 devpinoyLogger Inside findElememnt - only objName as parameterJsp_Header_Logo
04/03/2014 15:24:48 devpinoyLogger Kaplan Test Prep
04/03/2014 15:24:48 devpinoyLogger Kaplan Test Prep
04/03/2014 15:24:48 devpinoyLogger Verifying if object displayed: JspStart_Allres_link
04/03/2014 15:24:48 devpinoyLogger Inside findElememnt - only objName as parameterJspStart_Allres_link
04/03/2014 15:24:48 devpinoyLogger true	Element with objectname -JspStart_Allres_link - is displayed
04/03/2014 15:24:48 devpinoyLogger Executing verifyObjectTextWithParameter: Verbal Reasoning Review Notes Practice Test 1
04/03/2014 15:24:48 devpinoyLogger Inside findElememnt - only objName as parameterJspStart_Testtitle_Text
04/03/2014 15:24:48 devpinoyLogger Verbal Reasoning Review Notes Practice Test 1
04/03/2014 15:24:48 devpinoyLogger Verbal Reasoning Review Notes Practice Test 1
04/03/2014 15:24:48 devpinoyLogger Executing verifyObjectText JspStart_Message_Text
04/03/2014 15:24:48 devpinoyLogger Inside findElememnt - only objName as parameterJspStart_Message_Text
04/03/2014 15:24:48 devpinoyLogger You have not started this online test yet. Click the Start Test button below.
04/03/2014 15:24:48 devpinoyLogger You have not started this online test yet. Click the Start Test button below.
04/03/2014 15:24:48 devpinoyLogger Executing clickButton Keyword: JspStart_Start_Button
04/03/2014 15:24:48 devpinoyLogger Inside findElememnt - only objName as parameterJspStart_Start_Button
04/03/2014 15:24:52 devpinoyLogger Executing TestUtil - Test Page Headers method
04/03/2014 15:24:52 devpinoyLogger Executing verifyObjectTextWithParameter: VR Review Notes Practice Test 1
04/03/2014 15:24:52 devpinoyLogger Inside findElememnt - only objName as parameterTstPg_Header_Exam_Text
04/03/2014 15:24:52 devpinoyLogger VR Review Notes Practice Test 1
04/03/2014 15:24:52 devpinoyLogger VR Review Notes Practice Test 1
04/03/2014 15:24:52 devpinoyLogger Executing checkContains: TstPg_Header_Logo_Suite2
04/03/2014 15:24:52 devpinoyLogger Executing checkContains: TstPg_Header_Logo_Suite2
04/03/2014 15:24:52 devpinoyLogger Executing Get Attribute: TstPg_Header_Logo_Suite2
04/03/2014 15:24:52 devpinoyLogger Inside findElememnt - only objName as parameterTstPg_Header_Logo_Suite2
04/03/2014 15:24:52 devpinoyLogger Expected value is: KaplanLogo
04/03/2014 15:24:52 devpinoyLogger Actual value is: http://jasperqa.kaplan.com/content/media/93/229593.1.KaplanLogo.gif
04/03/2014 15:24:52 devpinoyLogger Executing checkContains: PBT_Footer_Help_Buton
04/03/2014 15:24:52 devpinoyLogger Executing checkContains: PBT_Footer_Help_Buton
04/03/2014 15:24:52 devpinoyLogger Executing Get Attribute: PBT_Footer_Help_Buton
04/03/2014 15:24:52 devpinoyLogger Inside findElememnt - only objName as parameterPBT_Footer_Help_Buton
04/03/2014 15:24:53 devpinoyLogger Expected value is: navTestHelp_lo.gif
04/03/2014 15:24:53 devpinoyLogger Actual value is: http://jasperqa.kaplan.com/content/media/93/229593.1.navTestHelp_lo.gif
04/03/2014 15:24:53 devpinoyLogger Executing checkContains: PBT_Footer_EndTest_Buton
04/03/2014 15:24:53 devpinoyLogger Executing checkContains: PBT_Footer_EndTest_Buton
04/03/2014 15:24:53 devpinoyLogger Executing Get Attribute: PBT_Footer_EndTest_Buton
04/03/2014 15:24:53 devpinoyLogger Inside findElememnt - only objName as parameterPBT_Footer_EndTest_Buton
04/03/2014 15:24:53 devpinoyLogger Expected value is: lsat2008EndTest_lo.gif
04/03/2014 15:24:53 devpinoyLogger Actual value is: http://jasperqa.kaplan.com/content/media/93/229593.1.lsat2008EndTest_lo.gif
04/03/2014 15:25:04 devpinoyLogger Executing clickButton Keyword: PBT_Footer_EndTest_Buton
04/03/2014 15:25:04 devpinoyLogger Inside findElememnt - only objName as parameterPBT_Footer_EndTest_Buton
04/03/2014 15:25:04 devpinoyLogger Executing verifyText: Are you sure you would like to end this test?
04/03/2014 15:25:04 devpinoyLogger Are you sure you would like to end this test?
04/03/2014 15:25:04 devpinoyLogger Are you sure you would like to end this test?
04/03/2014 15:25:05 devpinoyLogger Inside ReviewPageTestPBT1
04/03/2014 15:25:15 devpinoyLogger Executing verifyObjectText Jsp_Header_Logo
04/03/2014 15:25:15 devpinoyLogger Inside findElememnt - only objName as parameterJsp_Header_Logo
04/03/2014 15:25:15 devpinoyLogger Kaplan Test Prep
04/03/2014 15:25:15 devpinoyLogger Kaplan Test Prep
04/03/2014 15:25:15 devpinoyLogger Executing verifyObjectTextWithParameter: Item Review
04/03/2014 15:25:15 devpinoyLogger Inside findElememnt - only objName as parameterJsp_Header_Pgtxt
04/03/2014 15:25:16 devpinoyLogger Item Review
04/03/2014 15:25:16 devpinoyLogger Item Review
04/03/2014 15:25:16 devpinoyLogger Executing verifyObjectText Jsp_Header_PoweredBy_Text
04/03/2014 15:25:16 devpinoyLogger Inside findElememnt - only objName as parameterJsp_Header_PoweredBy_Text
04/03/2014 15:25:16 devpinoyLogger POWERED BY SMART REPORTS™
Kaplan's adaptive learning technology
04/03/2014 15:25:16 devpinoyLogger POWERED BY SMART REPORTS™
Kaplan's adaptive learning technology
04/03/2014 15:25:16 devpinoyLogger Item Review page headers have been validated
04/03/2014 15:25:16 devpinoyLogger Executing verifyObjectText Jsp_Footer_Logo
04/03/2014 15:25:16 devpinoyLogger Inside findElememnt - only objName as parameterJsp_Footer_Logo
04/03/2014 15:25:16 devpinoyLogger 1-800-­Kap-Test (1-800-­527-8378)
04/03/2014 15:25:16 devpinoyLogger 1-800-­Kap-Test (1-800-­527-8378)
04/03/2014 15:25:16 devpinoyLogger Executing verifyObjectText Jsp_Footer_Twitter_Text
04/03/2014 15:25:16 devpinoyLogger Inside findElememnt - only objName as parameterJsp_Footer_Twitter_Text
04/03/2014 15:25:16 devpinoyLogger Follow Us On Twitter
04/03/2014 15:25:16 devpinoyLogger Follow Us On Twitter
04/03/2014 15:25:16 devpinoyLogger Executing verifyObjectText Jsp_Footer_FB_Text
04/03/2014 15:25:16 devpinoyLogger Inside findElememnt - only objName as parameterJsp_Footer_FB_Text
04/03/2014 15:25:16 devpinoyLogger Like Us On Facebook
04/03/2014 15:25:16 devpinoyLogger Like Us On Facebook
04/03/2014 15:25:16 devpinoyLogger Page footer contents have been validated
04/03/2014 15:25:16 devpinoyLogger Executing verifyObjectTextWithParameter: Item Review: VR Review Notes Practice Test 1
04/03/2014 15:25:16 devpinoyLogger Inside findElememnt - only objName as parameterItmRw_Body_ItmRw_Text
04/03/2014 15:25:17 devpinoyLogger Item Review: VR Review Notes Practice Test 1
04/03/2014 15:25:17 devpinoyLogger Item Review: VR Review Notes Practice Test 1
04/03/2014 15:25:17 devpinoyLogger Executing clickLink and Verify: Jsp_Header_Pgtxt
04/03/2014 15:25:17 devpinoyLogger Executing clickLink: ItmRw_Nav_Review_Link_Others
04/03/2014 15:25:17 devpinoyLogger Inside findElememnt - only objName as parameterItmRw_Nav_Review_Link_Others
04/03/2014 15:25:18 devpinoyLogger Executing verifyObjectTextWithParameter: Item Review
04/03/2014 15:25:18 devpinoyLogger Inside findElememnt - only objName as parameterJsp_Header_Pgtxt
04/03/2014 15:25:18 devpinoyLogger Item Review
04/03/2014 15:25:18 devpinoyLogger Item Review
04/03/2014 15:25:18 devpinoyLogger Executing clickLink and Verify: Jsp_Header_Pgtxt
04/03/2014 15:25:18 devpinoyLogger Executing clickLink: ItmRw_Nav_Performance_Link
04/03/2014 15:25:18 devpinoyLogger Inside findElememnt - only objName as parameterItmRw_Nav_Performance_Link
04/03/2014 15:25:21 devpinoyLogger Executing verifyObjectTextWithParameter: Performance Summary
04/03/2014 15:25:21 devpinoyLogger Inside findElememnt - only objName as parameterJsp_Header_Pgtxt
04/03/2014 15:25:21 devpinoyLogger Performance Summary
04/03/2014 15:25:21 devpinoyLogger Performance Summary
04/03/2014 15:25:21 devpinoyLogger Executing clickLink and Verify: Jsp_Header_Pgtxt
04/03/2014 15:25:21 devpinoyLogger Executing clickLink: PS_Nav_Review_Link
04/03/2014 15:25:21 devpinoyLogger Inside findElememnt - only objName as parameterPS_Nav_Review_Link
04/03/2014 15:25:22 devpinoyLogger Executing verifyObjectTextWithParameter: Item Review
04/03/2014 15:25:22 devpinoyLogger Inside findElememnt - only objName as parameterJsp_Header_Pgtxt
04/03/2014 15:25:23 devpinoyLogger Item Review
04/03/2014 15:25:23 devpinoyLogger Item Review
04/03/2014 15:25:23 devpinoyLogger Executing verifyObjectText ItmRw_Score_Correct_label
04/03/2014 15:25:23 devpinoyLogger Inside findElememnt - only objName as parameterItmRw_Score_Correct_label
04/03/2014 15:25:23 devpinoyLogger CORRECT
04/03/2014 15:25:23 devpinoyLogger CORRECT
04/03/2014 15:25:23 devpinoyLogger verb
04/03/2014 15:25:23 devpinoyLogger Executing Get Attribute: //table[@id='test-analysis-table']/tbody/tr[1]/td[1]/span
04/03/2014 15:25:23 devpinoyLogger Executing Get Attribute: //table[@id='test-analysis-table']/tbody/tr[1]/td[1]/span
04/03/2014 15:25:23 devpinoyLogger Inside findCustomElememnt//table[@id='test-analysis-table']/tbody/tr[1]/td[1]/span
04/03/2014 15:25:23 devpinoyLogger Question # 1 from verb has correct response. Testcase is passed.
04/03/2014 15:25:23 devpinoyLogger Executing get text custom element Keyword: Item Review Topic
04/03/2014 15:25:23 devpinoyLogger Inside findCustomElememnt//table[@id='test-analysis-table']/tbody/tr[1]/td[3]
04/03/2014 15:25:23 devpinoyLogger Question # 1 from verb has correct topic. Testcase is passed.
04/03/2014 15:25:23 devpinoyLogger verb
04/03/2014 15:25:23 devpinoyLogger Executing Get Attribute: //table[@id='test-analysis-table']/tbody/tr[2]/td[1]/span
04/03/2014 15:25:23 devpinoyLogger Executing Get Attribute: //table[@id='test-analysis-table']/tbody/tr[2]/td[1]/span
04/03/2014 15:25:23 devpinoyLogger Inside findCustomElememnt//table[@id='test-analysis-table']/tbody/tr[2]/td[1]/span
04/03/2014 15:25:23 devpinoyLogger Question # 2 from verb has correct response. Testcase is passed.
04/03/2014 15:25:23 devpinoyLogger Executing get text custom element Keyword: Item Review Topic
04/03/2014 15:25:23 devpinoyLogger Inside findCustomElememnt//table[@id='test-analysis-table']/tbody/tr[2]/td[3]
04/03/2014 15:25:24 devpinoyLogger Question # 2 from verb has correct topic. Testcase is passed.
04/03/2014 15:25:24 devpinoyLogger verb
04/03/2014 15:25:24 devpinoyLogger Executing Get Attribute: //table[@id='test-analysis-table']/tbody/tr[3]/td[1]/span
04/03/2014 15:25:24 devpinoyLogger Executing Get Attribute: //table[@id='test-analysis-table']/tbody/tr[3]/td[1]/span
04/03/2014 15:25:24 devpinoyLogger Inside findCustomElememnt//table[@id='test-analysis-table']/tbody/tr[3]/td[1]/span
04/03/2014 15:25:24 devpinoyLogger Question # 3 from verb has incorrect response. Testcase is FAILED.
04/03/2014 15:25:24 devpinoyLogger Executing get text custom element Keyword: Item Review Topic
04/03/2014 15:25:24 devpinoyLogger Inside findCustomElememnt//table[@id='test-analysis-table']/tbody/tr[3]/td[3]
04/03/2014 15:25:24 devpinoyLogger Question # 3 from verb has correct topic. Testcase is passed.
04/03/2014 15:25:24 devpinoyLogger verb
04/03/2014 15:25:24 devpinoyLogger Executing Get Attribute: //table[@id='test-analysis-table']/tbody/tr[4]/td[1]/span
04/03/2014 15:25:24 devpinoyLogger Executing Get Attribute: //table[@id='test-analysis-table']/tbody/tr[4]/td[1]/span
04/03/2014 15:25:24 devpinoyLogger Inside findCustomElememnt//table[@id='test-analysis-table']/tbody/tr[4]/td[1]/span
04/03/2014 15:25:24 devpinoyLogger Question # 4 from verb has incorrect response. Testcase is FAILED.
04/03/2014 15:25:24 devpinoyLogger Executing get text custom element Keyword: Item Review Topic
04/03/2014 15:25:24 devpinoyLogger Inside findCustomElememnt//table[@id='test-analysis-table']/tbody/tr[4]/td[3]
04/03/2014 15:25:24 devpinoyLogger Question # 4 from verb has correct topic. Testcase is passed.
04/03/2014 15:25:24 devpinoyLogger verb
04/03/2014 15:25:24 devpinoyLogger Executing Get Attribute: //table[@id='test-analysis-table']/tbody/tr[5]/td[1]/span
04/03/2014 15:25:24 devpinoyLogger Executing Get Attribute: //table[@id='test-analysis-table']/tbody/tr[5]/td[1]/span
04/03/2014 15:25:24 devpinoyLogger Inside findCustomElememnt//table[@id='test-analysis-table']/tbody/tr[5]/td[1]/span
04/03/2014 15:25:24 devpinoyLogger Question # 5 from verb has correct response. Testcase is passed.
04/03/2014 15:25:24 devpinoyLogger Executing get text custom element Keyword: Item Review Topic
04/03/2014 15:25:24 devpinoyLogger Inside findCustomElememnt//table[@id='test-analysis-table']/tbody/tr[5]/td[3]
04/03/2014 15:25:25 devpinoyLogger Question # 5 from verb has correct topic. Testcase is passed.
04/03/2014 15:25:25 devpinoyLogger verb
04/03/2014 15:25:25 devpinoyLogger Executing Get Attribute: //table[@id='test-analysis-table']/tbody/tr[6]/td[1]/span
04/03/2014 15:25:25 devpinoyLogger Executing Get Attribute: //table[@id='test-analysis-table']/tbody/tr[6]/td[1]/span
04/03/2014 15:25:25 devpinoyLogger Inside findCustomElememnt//table[@id='test-analysis-table']/tbody/tr[6]/td[1]/span
04/03/2014 15:25:25 devpinoyLogger Question # 6 from verb has correct response. Testcase is passed.
04/03/2014 15:25:25 devpinoyLogger Executing get text custom element Keyword: Item Review Topic
04/03/2014 15:25:25 devpinoyLogger Inside findCustomElememnt//table[@id='test-analysis-table']/tbody/tr[6]/td[3]
04/03/2014 15:25:25 devpinoyLogger Question # 6 from verb has correct topic. Testcase is passed.
04/03/2014 15:25:25 devpinoyLogger verb
04/03/2014 15:25:25 devpinoyLogger Executing Get Attribute: //table[@id='test-analysis-table']/tbody/tr[7]/td[1]/span
04/03/2014 15:25:25 devpinoyLogger Executing Get Attribute: //table[@id='test-analysis-table']/tbody/tr[7]/td[1]/span
04/03/2014 15:25:25 devpinoyLogger Inside findCustomElememnt//table[@id='test-analysis-table']/tbody/tr[7]/td[1]/span
04/03/2014 15:25:25 devpinoyLogger Question # 7 from verb has correct response. Testcase is passed.
04/03/2014 15:25:25 devpinoyLogger Executing get text custom element Keyword: Item Review Topic
04/03/2014 15:25:25 devpinoyLogger Inside findCustomElememnt//table[@id='test-analysis-table']/tbody/tr[7]/td[3]
04/03/2014 15:25:25 devpinoyLogger Question # 7 from verb has correct topic. Testcase is passed.
04/03/2014 15:25:26 devpinoyLogger verb
04/03/2014 15:25:26 devpinoyLogger Executing Get Attribute: //table[@id='test-analysis-table']/tbody/tr[8]/td[1]/span
04/03/2014 15:25:26 devpinoyLogger Executing Get Attribute: //table[@id='test-analysis-table']/tbody/tr[8]/td[1]/span
04/03/2014 15:25:26 devpinoyLogger Inside findCustomElememnt//table[@id='test-analysis-table']/tbody/tr[8]/td[1]/span
04/03/2014 15:25:26 devpinoyLogger Question # 8 from verb has correct response. Testcase is passed.
04/03/2014 15:25:26 devpinoyLogger Executing get text custom element Keyword: Item Review Topic
04/03/2014 15:25:26 devpinoyLogger Inside findCustomElememnt//table[@id='test-analysis-table']/tbody/tr[8]/td[3]
04/03/2014 15:25:26 devpinoyLogger Question # 8 from verb has correct topic. Testcase is passed.
04/03/2014 15:25:26 devpinoyLogger verb
04/03/2014 15:25:26 devpinoyLogger Executing Get Attribute: //table[@id='test-analysis-table']/tbody/tr[9]/td[1]/span
04/03/2014 15:25:26 devpinoyLogger Executing Get Attribute: //table[@id='test-analysis-table']/tbody/tr[9]/td[1]/span
04/03/2014 15:25:26 devpinoyLogger Inside findCustomElememnt//table[@id='test-analysis-table']/tbody/tr[9]/td[1]/span
04/03/2014 15:25:26 devpinoyLogger Question # 9 from verb has correct response. Testcase is passed.
04/03/2014 15:25:26 devpinoyLogger Executing get text custom element Keyword: Item Review Topic
04/03/2014 15:25:26 devpinoyLogger Inside findCustomElememnt//table[@id='test-analysis-table']/tbody/tr[9]/td[3]
04/03/2014 15:25:26 devpinoyLogger Question # 9 from verb has correct topic. Testcase is passed.
04/03/2014 15:25:26 devpinoyLogger verb
04/03/2014 15:25:26 devpinoyLogger Executing Get Attribute: //table[@id='test-analysis-table']/tbody/tr[10]/td[1]/span
04/03/2014 15:25:26 devpinoyLogger Executing Get Attribute: //table[@id='test-analysis-table']/tbody/tr[10]/td[1]/span
04/03/2014 15:25:26 devpinoyLogger Inside findCustomElememnt//table[@id='test-analysis-table']/tbody/tr[10]/td[1]/span
04/03/2014 15:25:26 devpinoyLogger Question # 10 from verb has correct response. Testcase is passed.
04/03/2014 15:25:27 devpinoyLogger Executing get text custom element Keyword: Item Review Topic
04/03/2014 15:25:27 devpinoyLogger Inside findCustomElememnt//table[@id='test-analysis-table']/tbody/tr[10]/td[3]
04/03/2014 15:25:27 devpinoyLogger Question # 10 from verb has correct topic. Testcase is passed.
04/03/2014 15:25:27 devpinoyLogger verb
04/03/2014 15:25:27 devpinoyLogger Executing Get Attribute: //table[@id='test-analysis-table']/tbody/tr[11]/td[1]/span
04/03/2014 15:25:27 devpinoyLogger Executing Get Attribute: //table[@id='test-analysis-table']/tbody/tr[11]/td[1]/span
04/03/2014 15:25:27 devpinoyLogger Inside findCustomElememnt//table[@id='test-analysis-table']/tbody/tr[11]/td[1]/span
04/03/2014 15:25:27 devpinoyLogger Question # 11 from verb has incorrect response. Testcase is FAILED.
04/03/2014 15:25:27 devpinoyLogger Executing get text custom element Keyword: Item Review Topic
04/03/2014 15:25:27 devpinoyLogger Inside findCustomElememnt//table[@id='test-analysis-table']/tbody/tr[11]/td[3]
04/03/2014 15:25:27 devpinoyLogger Question # 11 from verb has correct topic. Testcase is passed.
04/03/2014 15:25:27 devpinoyLogger verb
04/03/2014 15:25:27 devpinoyLogger Executing Get Attribute: //table[@id='test-analysis-table']/tbody/tr[12]/td[1]/span
04/03/2014 15:25:27 devpinoyLogger Executing Get Attribute: //table[@id='test-analysis-table']/tbody/tr[12]/td[1]/span
04/03/2014 15:25:27 devpinoyLogger Inside findCustomElememnt//table[@id='test-analysis-table']/tbody/tr[12]/td[1]/span
04/03/2014 15:25:27 devpinoyLogger Question # 12 from verb has correct response. Testcase is passed.
04/03/2014 15:25:27 devpinoyLogger Executing get text custom element Keyword: Item Review Topic
04/03/2014 15:25:27 devpinoyLogger Inside findCustomElememnt//table[@id='test-analysis-table']/tbody/tr[12]/td[3]
04/03/2014 15:25:27 devpinoyLogger Question # 12 from verb has correct topic. Testcase is passed.
04/03/2014 15:25:28 devpinoyLogger verb
04/03/2014 15:25:28 devpinoyLogger Executing Get Attribute: //table[@id='test-analysis-table']/tbody/tr[13]/td[1]/span
04/03/2014 15:25:28 devpinoyLogger Executing Get Attribute: //table[@id='test-analysis-table']/tbody/tr[13]/td[1]/span
04/03/2014 15:25:28 devpinoyLogger Inside findCustomElememnt//table[@id='test-analysis-table']/tbody/tr[13]/td[1]/span
04/03/2014 15:25:28 devpinoyLogger Question # 13 from verb has correct response. Testcase is passed.
04/03/2014 15:25:28 devpinoyLogger Executing get text custom element Keyword: Item Review Topic
04/03/2014 15:25:28 devpinoyLogger Inside findCustomElememnt//table[@id='test-analysis-table']/tbody/tr[13]/td[3]
04/03/2014 15:25:28 devpinoyLogger Question # 13 from verb has correct topic. Testcase is passed.
04/03/2014 15:25:28 devpinoyLogger verb
04/03/2014 15:25:28 devpinoyLogger Executing Get Attribute: //table[@id='test-analysis-table']/tbody/tr[14]/td[1]/span
04/03/2014 15:25:28 devpinoyLogger Executing Get Attribute: //table[@id='test-analysis-table']/tbody/tr[14]/td[1]/span
04/03/2014 15:25:28 devpinoyLogger Inside findCustomElememnt//table[@id='test-analysis-table']/tbody/tr[14]/td[1]/span
04/03/2014 15:25:28 devpinoyLogger Question # 14 from verb has correct response. Testcase is passed.
04/03/2014 15:25:28 devpinoyLogger Executing get text custom element Keyword: Item Review Topic
04/03/2014 15:25:28 devpinoyLogger Inside findCustomElememnt//table[@id='test-analysis-table']/tbody/tr[14]/td[3]
04/03/2014 15:25:28 devpinoyLogger Question # 14 from verb has correct topic. Testcase is passed.
04/03/2014 15:25:28 devpinoyLogger verb
04/03/2014 15:25:28 devpinoyLogger Executing Get Attribute: //table[@id='test-analysis-table']/tbody/tr[15]/td[1]/span
04/03/2014 15:25:28 devpinoyLogger Executing Get Attribute: //table[@id='test-analysis-table']/tbody/tr[15]/td[1]/span
04/03/2014 15:25:28 devpinoyLogger Inside findCustomElememnt//table[@id='test-analysis-table']/tbody/tr[15]/td[1]/span
04/03/2014 15:25:29 devpinoyLogger Question # 15 from verb has incorrect response. Testcase is FAILED.
04/03/2014 15:25:29 devpinoyLogger Executing get text custom element Keyword: Item Review Topic
04/03/2014 15:25:29 devpinoyLogger Inside findCustomElememnt//table[@id='test-analysis-table']/tbody/tr[15]/td[3]
04/03/2014 15:25:29 devpinoyLogger Question # 15 from verb has correct topic. Testcase is passed.
04/03/2014 15:25:29 devpinoyLogger verb
04/03/2014 15:25:29 devpinoyLogger Executing Get Attribute: //table[@id='test-analysis-table']/tbody/tr[16]/td[1]/span
04/03/2014 15:25:29 devpinoyLogger Executing Get Attribute: //table[@id='test-analysis-table']/tbody/tr[16]/td[1]/span
04/03/2014 15:25:29 devpinoyLogger Inside findCustomElememnt//table[@id='test-analysis-table']/tbody/tr[16]/td[1]/span
04/03/2014 15:25:29 devpinoyLogger Question # 16 from verb has correct response. Testcase is passed.
04/03/2014 15:25:29 devpinoyLogger Executing get text custom element Keyword: Item Review Topic
04/03/2014 15:25:29 devpinoyLogger Inside findCustomElememnt//table[@id='test-analysis-table']/tbody/tr[16]/td[3]
04/03/2014 15:25:29 devpinoyLogger Question # 16 from verb has correct topic. Testcase is passed.
04/03/2014 15:25:29 devpinoyLogger verb
04/03/2014 15:25:29 devpinoyLogger Executing Get Attribute: //table[@id='test-analysis-table']/tbody/tr[17]/td[1]/span
04/03/2014 15:25:29 devpinoyLogger Executing Get Attribute: //table[@id='test-analysis-table']/tbody/tr[17]/td[1]/span
04/03/2014 15:25:29 devpinoyLogger Inside findCustomElememnt//table[@id='test-analysis-table']/tbody/tr[17]/td[1]/span
04/03/2014 15:25:29 devpinoyLogger Question # 17 from verb has correct response. Testcase is passed.
04/03/2014 15:25:29 devpinoyLogger Executing get text custom element Keyword: Item Review Topic
04/03/2014 15:25:29 devpinoyLogger Inside findCustomElememnt//table[@id='test-analysis-table']/tbody/tr[17]/td[3]
04/03/2014 15:25:30 devpinoyLogger Question # 17 from verb has correct topic. Testcase is passed.
04/03/2014 15:25:30 devpinoyLogger verb
04/03/2014 15:25:30 devpinoyLogger Executing Get Attribute: //table[@id='test-analysis-table']/tbody/tr[18]/td[1]/span
04/03/2014 15:25:30 devpinoyLogger Executing Get Attribute: //table[@id='test-analysis-table']/tbody/tr[18]/td[1]/span
04/03/2014 15:25:30 devpinoyLogger Inside findCustomElememnt//table[@id='test-analysis-table']/tbody/tr[18]/td[1]/span
04/03/2014 15:25:30 devpinoyLogger Question # 18 from verb has correct response. Testcase is passed.
04/03/2014 15:25:30 devpinoyLogger Executing get text custom element Keyword: Item Review Topic
04/03/2014 15:25:30 devpinoyLogger Inside findCustomElememnt//table[@id='test-analysis-table']/tbody/tr[18]/td[3]
04/03/2014 15:25:30 devpinoyLogger Question # 18 from verb has correct topic. Testcase is passed.
04/03/2014 15:25:30 devpinoyLogger verb
04/03/2014 15:25:30 devpinoyLogger Executing Get Attribute: //table[@id='test-analysis-table']/tbody/tr[19]/td[1]/span
04/03/2014 15:25:30 devpinoyLogger Executing Get Attribute: //table[@id='test-analysis-table']/tbody/tr[19]/td[1]/span
04/03/2014 15:25:30 devpinoyLogger Inside findCustomElememnt//table[@id='test-analysis-table']/tbody/tr[19]/td[1]/span
04/03/2014 15:25:30 devpinoyLogger Question # 19 from verb has incorrect response. Testcase is FAILED.
04/03/2014 15:25:30 devpinoyLogger Executing get text custom element Keyword: Item Review Topic
04/03/2014 15:25:30 devpinoyLogger Inside findCustomElememnt//table[@id='test-analysis-table']/tbody/tr[19]/td[3]
04/03/2014 15:25:30 devpinoyLogger Question # 19 from verb has correct topic. Testcase is passed.
04/03/2014 15:25:30 devpinoyLogger verb
04/03/2014 15:25:30 devpinoyLogger Executing Get Attribute: //table[@id='test-analysis-table']/tbody/tr[20]/td[1]/span
04/03/2014 15:25:30 devpinoyLogger Executing Get Attribute: //table[@id='test-analysis-table']/tbody/tr[20]/td[1]/span
04/03/2014 15:25:30 devpinoyLogger Inside findCustomElememnt//table[@id='test-analysis-table']/tbody/tr[20]/td[1]/span
04/03/2014 15:25:31 devpinoyLogger Question # 20 from verb has correct response. Testcase is passed.
04/03/2014 15:25:31 devpinoyLogger Executing get text custom element Keyword: Item Review Topic
04/03/2014 15:25:31 devpinoyLogger Inside findCustomElememnt//table[@id='test-analysis-table']/tbody/tr[20]/td[3]
04/03/2014 15:25:31 devpinoyLogger Question # 20 from verb has correct topic. Testcase is passed.
04/03/2014 15:25:31 devpinoyLogger verb
04/03/2014 15:25:31 devpinoyLogger Executing Get Attribute: //table[@id='test-analysis-table']/tbody/tr[21]/td[1]/span
04/03/2014 15:25:31 devpinoyLogger Executing Get Attribute: //table[@id='test-analysis-table']/tbody/tr[21]/td[1]/span
04/03/2014 15:25:31 devpinoyLogger Inside findCustomElememnt//table[@id='test-analysis-table']/tbody/tr[21]/td[1]/span
04/03/2014 15:25:31 devpinoyLogger Question # 21 from verb has correct response. Testcase is passed.
04/03/2014 15:25:31 devpinoyLogger Executing get text custom element Keyword: Item Review Topic
04/03/2014 15:25:31 devpinoyLogger Inside findCustomElememnt//table[@id='test-analysis-table']/tbody/tr[21]/td[3]
04/03/2014 15:25:31 devpinoyLogger Question # 21 from verb has correct topic. Testcase is passed.
04/03/2014 15:25:31 devpinoyLogger verb
04/03/2014 15:25:31 devpinoyLogger Executing Get Attribute: //table[@id='test-analysis-table']/tbody/tr[22]/td[1]/span
04/03/2014 15:25:31 devpinoyLogger Executing Get Attribute: //table[@id='test-analysis-table']/tbody/tr[22]/td[1]/span
04/03/2014 15:25:31 devpinoyLogger Inside findCustomElememnt//table[@id='test-analysis-table']/tbody/tr[22]/td[1]/span
04/03/2014 15:25:31 devpinoyLogger Question # 22 from verb has correct response. Testcase is passed.
04/03/2014 15:25:32 devpinoyLogger Executing get text custom element Keyword: Item Review Topic
04/03/2014 15:25:32 devpinoyLogger Inside findCustomElememnt//table[@id='test-analysis-table']/tbody/tr[22]/td[3]
04/03/2014 15:25:32 devpinoyLogger Question # 22 from verb has correct topic. Testcase is passed.
04/03/2014 15:25:32 devpinoyLogger verb
04/03/2014 15:25:32 devpinoyLogger Executing Get Attribute: //table[@id='test-analysis-table']/tbody/tr[23]/td[1]/span
04/03/2014 15:25:32 devpinoyLogger Executing Get Attribute: //table[@id='test-analysis-table']/tbody/tr[23]/td[1]/span
04/03/2014 15:25:32 devpinoyLogger Inside findCustomElememnt//table[@id='test-analysis-table']/tbody/tr[23]/td[1]/span
04/03/2014 15:25:32 devpinoyLogger Question # 23 from verb has incorrect response. Testcase is FAILED.
04/03/2014 15:25:32 devpinoyLogger Executing get text custom element Keyword: Item Review Topic
04/03/2014 15:25:32 devpinoyLogger Inside findCustomElememnt//table[@id='test-analysis-table']/tbody/tr[23]/td[3]
04/03/2014 15:25:32 devpinoyLogger Question # 23 from verb has correct topic. Testcase is passed.
04/03/2014 15:25:32 devpinoyLogger verb
04/03/2014 15:25:32 devpinoyLogger Executing Get Attribute: //table[@id='test-analysis-table']/tbody/tr[24]/td[1]/span
04/03/2014 15:25:32 devpinoyLogger Executing Get Attribute: //table[@id='test-analysis-table']/tbody/tr[24]/td[1]/span
04/03/2014 15:25:32 devpinoyLogger Inside findCustomElememnt//table[@id='test-analysis-table']/tbody/tr[24]/td[1]/span
04/03/2014 15:25:32 devpinoyLogger Question # 24 from verb has correct response. Testcase is passed.
04/03/2014 15:25:32 devpinoyLogger Executing get text custom element Keyword: Item Review Topic
04/03/2014 15:25:32 devpinoyLogger Inside findCustomElememnt//table[@id='test-analysis-table']/tbody/tr[24]/td[3]
04/03/2014 15:25:33 devpinoyLogger Question # 24 from verb has correct topic. Testcase is passed.
04/03/2014 15:25:33 devpinoyLogger verb
04/03/2014 15:25:33 devpinoyLogger Executing Get Attribute: //table[@id='test-analysis-table']/tbody/tr[25]/td[1]/span
04/03/2014 15:25:33 devpinoyLogger Executing Get Attribute: //table[@id='test-analysis-table']/tbody/tr[25]/td[1]/span
04/03/2014 15:25:33 devpinoyLogger Inside findCustomElememnt//table[@id='test-analysis-table']/tbody/tr[25]/td[1]/span
04/03/2014 15:25:33 devpinoyLogger Question # 25 from verb has incorrect response. Testcase is FAILED.
04/03/2014 15:25:33 devpinoyLogger Executing get text custom element Keyword: Item Review Topic
04/03/2014 15:25:33 devpinoyLogger Inside findCustomElememnt//table[@id='test-analysis-table']/tbody/tr[25]/td[3]
04/03/2014 15:25:33 devpinoyLogger Question # 25 from verb has correct topic. Testcase is passed.
04/03/2014 15:25:33 devpinoyLogger verb
04/03/2014 15:25:33 devpinoyLogger Executing Get Attribute: //table[@id='test-analysis-table']/tbody/tr[26]/td[1]/span
04/03/2014 15:25:33 devpinoyLogger Executing Get Attribute: //table[@id='test-analysis-table']/tbody/tr[26]/td[1]/span
04/03/2014 15:25:33 devpinoyLogger Inside findCustomElememnt//table[@id='test-analysis-table']/tbody/tr[26]/td[1]/span
04/03/2014 15:25:33 devpinoyLogger Question # 26 from verb has correct response. Testcase is passed.
04/03/2014 15:25:33 devpinoyLogger Executing get text custom element Keyword: Item Review Topic
04/03/2014 15:25:33 devpinoyLogger Inside findCustomElememnt//table[@id='test-analysis-table']/tbody/tr[26]/td[3]
04/03/2014 15:25:33 devpinoyLogger Question # 26 from verb has correct topic. Testcase is passed.
04/03/2014 15:25:33 devpinoyLogger verb
04/03/2014 15:25:34 devpinoyLogger Executing Get Attribute: //table[@id='test-analysis-table']/tbody/tr[27]/td[1]/span
04/03/2014 15:25:34 devpinoyLogger Executing Get Attribute: //table[@id='test-analysis-table']/tbody/tr[27]/td[1]/span
04/03/2014 15:25:34 devpinoyLogger Inside findCustomElememnt//table[@id='test-analysis-table']/tbody/tr[27]/td[1]/span
04/03/2014 15:25:34 devpinoyLogger Question # 27 from verb has correct response. Testcase is passed.
04/03/2014 15:25:34 devpinoyLogger Executing get text custom element Keyword: Item Review Topic
04/03/2014 15:25:34 devpinoyLogger Inside findCustomElememnt//table[@id='test-analysis-table']/tbody/tr[27]/td[3]
04/03/2014 15:25:34 devpinoyLogger Question # 27 from verb has correct topic. Testcase is passed.
04/03/2014 15:25:34 devpinoyLogger verb
04/03/2014 15:25:34 devpinoyLogger Executing Get Attribute: //table[@id='test-analysis-table']/tbody/tr[28]/td[1]/span
04/03/2014 15:25:34 devpinoyLogger Executing Get Attribute: //table[@id='test-analysis-table']/tbody/tr[28]/td[1]/span
04/03/2014 15:25:34 devpinoyLogger Inside findCustomElememnt//table[@id='test-analysis-table']/tbody/tr[28]/td[1]/span
04/03/2014 15:25:34 devpinoyLogger Question # 28 from verb has correct response. Testcase is passed.
04/03/2014 15:25:34 devpinoyLogger Executing get text custom element Keyword: Item Review Topic
04/03/2014 15:25:34 devpinoyLogger Inside findCustomElememnt//table[@id='test-analysis-table']/tbody/tr[28]/td[3]
04/03/2014 15:25:34 devpinoyLogger Question # 28 from verb has correct topic. Testcase is passed.
04/03/2014 15:25:34 devpinoyLogger verb
04/03/2014 15:25:34 devpinoyLogger Executing Get Attribute: //table[@id='test-analysis-table']/tbody/tr[29]/td[1]/span
04/03/2014 15:25:34 devpinoyLogger Executing Get Attribute: //table[@id='test-analysis-table']/tbody/tr[29]/td[1]/span
04/03/2014 15:25:34 devpinoyLogger Inside findCustomElememnt//table[@id='test-analysis-table']/tbody/tr[29]/td[1]/span
04/03/2014 15:25:34 devpinoyLogger Question # 29 from verb has incorrect response. Testcase is FAILED.
04/03/2014 15:25:35 devpinoyLogger Executing get text custom element Keyword: Item Review Topic
04/03/2014 15:25:35 devpinoyLogger Inside findCustomElememnt//table[@id='test-analysis-table']/tbody/tr[29]/td[3]
04/03/2014 15:25:35 devpinoyLogger Question # 29 from verb has correct topic. Testcase is passed.
04/03/2014 15:25:35 devpinoyLogger verb
04/03/2014 15:25:35 devpinoyLogger Executing Get Attribute: //table[@id='test-analysis-table']/tbody/tr[30]/td[1]/span
04/03/2014 15:25:35 devpinoyLogger Executing Get Attribute: //table[@id='test-analysis-table']/tbody/tr[30]/td[1]/span
04/03/2014 15:25:35 devpinoyLogger Inside findCustomElememnt//table[@id='test-analysis-table']/tbody/tr[30]/td[1]/span
04/03/2014 15:25:35 devpinoyLogger Question # 30 from verb has correct response. Testcase is passed.
04/03/2014 15:25:35 devpinoyLogger Executing get text custom element Keyword: Item Review Topic
04/03/2014 15:25:35 devpinoyLogger Inside findCustomElememnt//table[@id='test-analysis-table']/tbody/tr[30]/td[3]
04/03/2014 15:25:35 devpinoyLogger Question # 30 from verb has correct topic. Testcase is passed.
04/03/2014 15:25:35 devpinoyLogger verb
04/03/2014 15:25:35 devpinoyLogger Executing Get Attribute: //table[@id='test-analysis-table']/tbody/tr[31]/td[1]/span
04/03/2014 15:25:35 devpinoyLogger Executing Get Attribute: //table[@id='test-analysis-table']/tbody/tr[31]/td[1]/span
04/03/2014 15:25:35 devpinoyLogger Inside findCustomElememnt//table[@id='test-analysis-table']/tbody/tr[31]/td[1]/span
04/03/2014 15:25:35 devpinoyLogger Question # 31 from verb has incorrect response. Testcase is FAILED.
04/03/2014 15:25:35 devpinoyLogger Executing get text custom element Keyword: Item Review Topic
04/03/2014 15:25:35 devpinoyLogger Inside findCustomElememnt//table[@id='test-analysis-table']/tbody/tr[31]/td[3]
04/03/2014 15:25:35 devpinoyLogger Question # 31 from verb has correct topic. Testcase is passed.
04/03/2014 15:25:36 devpinoyLogger verb
04/03/2014 15:25:36 devpinoyLogger Executing Get Attribute: //table[@id='test-analysis-table']/tbody/tr[32]/td[1]/span
04/03/2014 15:25:36 devpinoyLogger Executing Get Attribute: //table[@id='test-analysis-table']/tbody/tr[32]/td[1]/span
04/03/2014 15:25:36 devpinoyLogger Inside findCustomElememnt//table[@id='test-analysis-table']/tbody/tr[32]/td[1]/span
04/03/2014 15:25:36 devpinoyLogger Question # 32 from verb has correct response. Testcase is passed.
04/03/2014 15:25:36 devpinoyLogger Executing get text custom element Keyword: Item Review Topic
04/03/2014 15:25:36 devpinoyLogger Inside findCustomElememnt//table[@id='test-analysis-table']/tbody/tr[32]/td[3]
04/03/2014 15:25:36 devpinoyLogger Question # 32 from verb has correct topic. Testcase is passed.
04/03/2014 15:25:36 devpinoyLogger verb
04/03/2014 15:25:36 devpinoyLogger Executing Get Attribute: //table[@id='test-analysis-table']/tbody/tr[33]/td[1]/span
04/03/2014 15:25:36 devpinoyLogger Executing Get Attribute: //table[@id='test-analysis-table']/tbody/tr[33]/td[1]/span
04/03/2014 15:25:36 devpinoyLogger Inside findCustomElememnt//table[@id='test-analysis-table']/tbody/tr[33]/td[1]/span
04/03/2014 15:25:36 devpinoyLogger Question # 33 from verb has incorrect response. Testcase is FAILED.
04/03/2014 15:25:36 devpinoyLogger Executing get text custom element Keyword: Item Review Topic
04/03/2014 15:25:36 devpinoyLogger Inside findCustomElememnt//table[@id='test-analysis-table']/tbody/tr[33]/td[3]
04/03/2014 15:25:36 devpinoyLogger Question # 33 from verb has correct topic. Testcase is passed.
04/03/2014 15:25:36 devpinoyLogger verb
04/03/2014 15:25:36 devpinoyLogger Executing Get Attribute: //table[@id='test-analysis-table']/tbody/tr[34]/td[1]/span
04/03/2014 15:25:36 devpinoyLogger Executing Get Attribute: //table[@id='test-analysis-table']/tbody/tr[34]/td[1]/span
04/03/2014 15:25:36 devpinoyLogger Inside findCustomElememnt//table[@id='test-analysis-table']/tbody/tr[34]/td[1]/span
04/03/2014 15:25:37 devpinoyLogger Question # 34 from verb has incorrect response. Testcase is FAILED.
04/03/2014 15:25:37 devpinoyLogger Executing get text custom element Keyword: Item Review Topic
04/03/2014 15:25:37 devpinoyLogger Inside findCustomElememnt//table[@id='test-analysis-table']/tbody/tr[34]/td[3]
04/03/2014 15:25:37 devpinoyLogger Question # 34 from verb has correct topic. Testcase is passed.
04/03/2014 15:25:37 devpinoyLogger verb
04/03/2014 15:25:37 devpinoyLogger Executing Get Attribute: //table[@id='test-analysis-table']/tbody/tr[35]/td[1]/span
04/03/2014 15:25:37 devpinoyLogger Executing Get Attribute: //table[@id='test-analysis-table']/tbody/tr[35]/td[1]/span
04/03/2014 15:25:37 devpinoyLogger Inside findCustomElememnt//table[@id='test-analysis-table']/tbody/tr[35]/td[1]/span
04/03/2014 15:25:37 devpinoyLogger Question # 35 from verb has incorrect response. Testcase is FAILED.
04/03/2014 15:25:37 devpinoyLogger Executing get text custom element Keyword: Item Review Topic
04/03/2014 15:25:37 devpinoyLogger Inside findCustomElememnt//table[@id='test-analysis-table']/tbody/tr[35]/td[3]
04/03/2014 15:25:37 devpinoyLogger Question # 35 from verb has correct topic. Testcase is passed.
04/03/2014 15:25:37 devpinoyLogger verb
04/03/2014 15:25:37 devpinoyLogger Executing Get Attribute: //table[@id='test-analysis-table']/tbody/tr[36]/td[1]/span
04/03/2014 15:25:37 devpinoyLogger Executing Get Attribute: //table[@id='test-analysis-table']/tbody/tr[36]/td[1]/span
04/03/2014 15:25:37 devpinoyLogger Inside findCustomElememnt//table[@id='test-analysis-table']/tbody/tr[36]/td[1]/span
04/03/2014 15:25:37 devpinoyLogger Question # 36 from verb has incorrect response. Testcase is FAILED.
04/03/2014 15:25:37 devpinoyLogger Executing get text custom element Keyword: Item Review Topic
04/03/2014 15:25:37 devpinoyLogger Inside findCustomElememnt//table[@id='test-analysis-table']/tbody/tr[36]/td[3]
04/03/2014 15:25:38 devpinoyLogger Question # 36 from verb has correct topic. Testcase is passed.
04/03/2014 15:25:38 devpinoyLogger verb
04/03/2014 15:25:38 devpinoyLogger Executing Get Attribute: //table[@id='test-analysis-table']/tbody/tr[37]/td[1]/span
04/03/2014 15:25:38 devpinoyLogger Executing Get Attribute: //table[@id='test-analysis-table']/tbody/tr[37]/td[1]/span
04/03/2014 15:25:38 devpinoyLogger Inside findCustomElememnt//table[@id='test-analysis-table']/tbody/tr[37]/td[1]/span
04/03/2014 15:25:38 devpinoyLogger Question # 37 from verb has incorrect response. Testcase is FAILED.
04/03/2014 15:25:38 devpinoyLogger Executing get text custom element Keyword: Item Review Topic
04/03/2014 15:25:38 devpinoyLogger Inside findCustomElememnt//table[@id='test-analysis-table']/tbody/tr[37]/td[3]
04/03/2014 15:25:38 devpinoyLogger Question # 37 from verb has correct topic. Testcase is passed.
04/03/2014 15:25:38 devpinoyLogger verb
04/03/2014 15:25:38 devpinoyLogger Executing Get Attribute: //table[@id='test-analysis-table']/tbody/tr[38]/td[1]/span
04/03/2014 15:25:38 devpinoyLogger Executing Get Attribute: //table[@id='test-analysis-table']/tbody/tr[38]/td[1]/span
04/03/2014 15:25:38 devpinoyLogger Inside findCustomElememnt//table[@id='test-analysis-table']/tbody/tr[38]/td[1]/span
04/03/2014 15:25:38 devpinoyLogger Question # 38 from verb has incorrect response. Testcase is FAILED.
04/03/2014 15:25:38 devpinoyLogger Executing get text custom element Keyword: Item Review Topic
04/03/2014 15:25:38 devpinoyLogger Inside findCustomElememnt//table[@id='test-analysis-table']/tbody/tr[38]/td[3]
04/03/2014 15:25:38 devpinoyLogger Question # 38 from verb has correct topic. Testcase is passed.
04/03/2014 15:25:38 devpinoyLogger verb
04/03/2014 15:25:38 devpinoyLogger Executing Get Attribute: //table[@id='test-analysis-table']/tbody/tr[39]/td[1]/span
04/03/2014 15:25:38 devpinoyLogger Executing Get Attribute: //table[@id='test-analysis-table']/tbody/tr[39]/td[1]/span
04/03/2014 15:25:38 devpinoyLogger Inside findCustomElememnt//table[@id='test-analysis-table']/tbody/tr[39]/td[1]/span
04/03/2014 15:25:39 devpinoyLogger Question # 39 from verb has incorrect response. Testcase is FAILED.
04/03/2014 15:25:39 devpinoyLogger Executing get text custom element Keyword: Item Review Topic
04/03/2014 15:25:39 devpinoyLogger Inside findCustomElememnt//table[@id='test-analysis-table']/tbody/tr[39]/td[3]
04/03/2014 15:25:39 devpinoyLogger Question # 39 from verb has correct topic. Testcase is passed.
04/03/2014 15:25:39 devpinoyLogger verb
04/03/2014 15:25:39 devpinoyLogger Executing Get Attribute: //table[@id='test-analysis-table']/tbody/tr[40]/td[1]/span
04/03/2014 15:25:39 devpinoyLogger Executing Get Attribute: //table[@id='test-analysis-table']/tbody/tr[40]/td[1]/span
04/03/2014 15:25:39 devpinoyLogger Inside findCustomElememnt//table[@id='test-analysis-table']/tbody/tr[40]/td[1]/span
04/03/2014 15:25:39 devpinoyLogger Question # 40 from verb has correct response. Testcase is passed.
04/03/2014 15:25:39 devpinoyLogger Executing get text custom element Keyword: Item Review Topic
04/03/2014 15:25:39 devpinoyLogger Inside findCustomElememnt//table[@id='test-analysis-table']/tbody/tr[40]/td[3]
04/03/2014 15:25:39 devpinoyLogger Question # 40 from verb has correct topic. Testcase is passed.
04/03/2014 15:25:39 devpinoyLogger ***********************************TC0132 --- Pass
04/03/2014 15:25:40 devpinoyLogger Skipping the test TC0133
04/03/2014 15:25:40 devpinoyLogger ***********************************TC0133 --- Skip
04/03/2014 15:25:41 devpinoyLogger Skipping the test TC0134
04/03/2014 15:25:41 devpinoyLogger ***********************************TC0134 --- Skip
04/03/2014 15:25:43 devpinoyLogger Skipping the test TC0135
04/03/2014 15:25:43 devpinoyLogger ***********************************TC0135 --- Skip
04/03/2014 15:25:44 devpinoyLogger Skipping the test TC0136
04/03/2014 15:25:44 devpinoyLogger ***********************************TC0136 --- Skip
04/03/2014 15:25:45 devpinoyLogger Skipping the test TC0137
04/03/2014 15:25:45 devpinoyLogger ***********************************TC0137 --- Skip
04/03/2014 15:25:46 devpinoyLogger Skipping the test TC0138
04/03/2014 15:25:46 devpinoyLogger ***********************************TC0138 --- Skip
04/03/2014 15:25:47 devpinoyLogger Skipping the test TC0139
04/03/2014 15:25:47 devpinoyLogger ***********************************TC0139 --- Skip
04/03/2014 15:25:48 devpinoyLogger Skipping the test TC0140
04/03/2014 15:25:48 devpinoyLogger ***********************************TC0140 --- Skip
04/03/2014 15:25:49 devpinoyLogger Skipping the test TC0141
04/03/2014 15:25:49 devpinoyLogger ***********************************TC0141 --- Skip
04/03/2014 15:25:50 devpinoyLogger Skipping the test TC0142
04/03/2014 15:25:50 devpinoyLogger ***********************************TC0142 --- Skip
04/03/2014 15:25:51 devpinoyLogger Skipping the test TC0143
04/03/2014 15:25:51 devpinoyLogger ***********************************TC0143 --- Skip
04/03/2014 15:25:52 devpinoyLogger Skipping the test TC0144
04/03/2014 15:25:52 devpinoyLogger ***********************************TC0144 --- Skip
04/03/2014 15:25:53 devpinoyLogger Skipping the test TC0145
04/03/2014 15:25:53 devpinoyLogger ***********************************TC0145 --- Skip
04/03/2014 15:25:55 devpinoyLogger Skipping the test TC0146
04/03/2014 15:25:55 devpinoyLogger ***********************************TC0146 --- Skip
04/03/2014 15:25:56 devpinoyLogger Skipping the test TC0147
04/03/2014 15:25:56 devpinoyLogger ***********************************TC0147 --- Skip
04/03/2014 15:25:57 devpinoyLogger Skipping the test TC0148
04/03/2014 15:25:57 devpinoyLogger ***********************************TC0148 --- Skip
04/03/2014 15:25:58 devpinoyLogger Skipping the test TC0149
04/03/2014 15:25:58 devpinoyLogger ***********************************TC0149 --- Skip
04/03/2014 15:25:59 devpinoyLogger Skipping the test TC0150
04/03/2014 15:25:59 devpinoyLogger ***********************************TC0150 --- Skip
04/03/2014 15:26:00 devpinoyLogger Skipping the test TC0151
04/03/2014 15:26:00 devpinoyLogger ***********************************TC0151 --- Skip
04/03/2014 15:26:01 devpinoyLogger Skipping the test TC0152
04/03/2014 15:26:01 devpinoyLogger ***********************************TC0152 --- Skip
04/03/2014 15:26:02 devpinoyLogger Skipping the test TC0153
04/03/2014 15:26:02 devpinoyLogger ***********************************TC0153 --- Skip
04/03/2014 15:26:03 devpinoyLogger Skipping the test TC0154
04/03/2014 15:26:03 devpinoyLogger ***********************************TC0154 --- Skip
04/03/2014 15:26:04 devpinoyLogger Skipping the test TC0155
04/03/2014 15:26:04 devpinoyLogger ***********************************TC0155 --- Skip
04/03/2014 15:26:05 devpinoyLogger Skipping the test TC0156
04/03/2014 15:26:05 devpinoyLogger ***********************************TC0156 --- Skip
04/03/2014 15:26:07 devpinoyLogger Skipping the test TC0157
04/03/2014 15:26:07 devpinoyLogger ***********************************TC0157 --- Skip
04/03/2014 15:26:08 devpinoyLogger Skipping the test TC0158
04/03/2014 15:26:08 devpinoyLogger ***********************************TC0158 --- Skip
04/03/2014 15:26:09 devpinoyLogger Skipping the test TC0159
04/03/2014 15:26:09 devpinoyLogger ***********************************TC0159 --- Skip
04/03/2014 15:26:10 devpinoyLogger Skipping the test TC0160
04/03/2014 15:26:10 devpinoyLogger ***********************************TC0160 --- Skip
04/03/2014 15:26:11 devpinoyLogger Skipping the test TC0161
04/03/2014 15:26:11 devpinoyLogger ***********************************TC0161 --- Skip
04/03/2014 15:26:12 devpinoyLogger Skipping the test TC0162
04/03/2014 15:26:12 devpinoyLogger ***********************************TC0162 --- Skip
04/03/2014 15:26:13 devpinoyLogger Skipping the test TC0163
04/03/2014 15:26:13 devpinoyLogger ***********************************TC0163 --- Skip
04/03/2014 15:26:14 devpinoyLogger Skipping the test TC0164
04/03/2014 15:26:14 devpinoyLogger ***********************************TC0164 --- Skip
04/03/2014 15:26:15 devpinoyLogger Skipping the test TC0165
04/03/2014 15:26:15 devpinoyLogger ***********************************TC0165 --- Skip
04/03/2014 15:26:16 devpinoyLogger Skipping the test TC0166
04/03/2014 15:26:16 devpinoyLogger ***********************************TC0166 --- Skip
04/03/2014 15:26:17 devpinoyLogger Skipping the test TC0167
04/03/2014 15:26:17 devpinoyLogger ***********************************TC0167 --- Skip
04/03/2014 15:26:18 devpinoyLogger Skipping the test TC0168
04/03/2014 15:26:18 devpinoyLogger ***********************************TC0168 --- Skip
04/03/2014 15:26:19 devpinoyLogger Skipping the test TC0169
04/03/2014 15:26:19 devpinoyLogger ***********************************TC0169 --- Skip
04/03/2014 15:26:20 devpinoyLogger Skipping the test TC0170
04/03/2014 15:26:20 devpinoyLogger ***********************************TC0170 --- Skip
04/03/2014 15:26:21 devpinoyLogger Skipping the test TC0171
04/03/2014 15:26:21 devpinoyLogger ***********************************TC0171 --- Skip
04/03/2014 15:26:22 devpinoyLogger Skipping the test TC0172
04/03/2014 15:26:22 devpinoyLogger ***********************************TC0172 --- Skip
04/03/2014 15:26:23 devpinoyLogger Skipping the test TC0173
04/03/2014 15:26:23 devpinoyLogger ***********************************TC0173 --- Skip
04/03/2014 15:26:24 devpinoyLogger Skipping the test TC0174
04/03/2014 15:26:24 devpinoyLogger ***********************************TC0174 --- Skip
04/03/2014 15:26:25 devpinoyLogger Skipping the test TC0175
04/03/2014 15:26:25 devpinoyLogger ***********************************TC0175 --- Skip
04/03/2014 15:26:27 devpinoyLogger Skipping the test TC0176
04/03/2014 15:26:27 devpinoyLogger ***********************************TC0176 --- Skip
04/03/2014 15:26:28 devpinoyLogger Skipping the test TC0177
04/03/2014 15:26:28 devpinoyLogger ***********************************TC0177 --- Skip
04/03/2014 15:26:29 devpinoyLogger Skipping the test TC0178
04/03/2014 15:26:29 devpinoyLogger ***********************************TC0178 --- Skip
04/03/2014 15:26:30 devpinoyLogger Skipping the test TC0179
04/03/2014 15:26:30 devpinoyLogger ***********************************TC0179 --- Skip
04/03/2014 15:26:31 devpinoyLogger Skipping the test TC0180
04/03/2014 15:26:31 devpinoyLogger ***********************************TC0180 --- Skip
04/03/2014 15:26:32 devpinoyLogger Skipping the test TC0181
04/03/2014 15:26:32 devpinoyLogger ***********************************TC0181 --- Skip
04/03/2014 15:26:33 devpinoyLogger Skipping the test TC0182
04/03/2014 15:26:33 devpinoyLogger ***********************************TC0182 --- Skip
04/03/2014 15:26:34 devpinoyLogger Skipping the test TC0183
04/03/2014 15:26:34 devpinoyLogger ***********************************TC0183 --- Skip
04/03/2014 15:26:35 devpinoyLogger Skipping the test TC0184
04/03/2014 15:26:35 devpinoyLogger ***********************************TC0184 --- Skip
04/03/2014 15:26:36 devpinoyLogger Skipping the test TC0185
04/03/2014 15:26:36 devpinoyLogger ***********************************TC0185 --- Skip
04/03/2014 15:26:37 devpinoyLogger Skipping the test TC0186
04/03/2014 15:26:37 devpinoyLogger ***********************************TC0186 --- Skip
04/03/2014 15:26:38 devpinoyLogger Skipping the test TC0187
04/03/2014 15:26:38 devpinoyLogger ***********************************TC0187 --- Skip
04/03/2014 15:26:39 devpinoyLogger Skipping the test TC0188
04/03/2014 15:26:39 devpinoyLogger ***********************************TC0188 --- Skip
04/03/2014 15:26:40 devpinoyLogger Skipping the test TC0189
04/03/2014 15:26:40 devpinoyLogger ***********************************TC0189 --- Skip
04/03/2014 15:26:41 devpinoyLogger Skipping the test TC0190
04/03/2014 15:26:41 devpinoyLogger ***********************************TC0190 --- Skip
04/03/2014 15:26:42 devpinoyLogger Skipping the test TC0191
04/03/2014 15:26:42 devpinoyLogger ***********************************TC0191 --- Skip
04/03/2014 15:26:43 devpinoyLogger Skipping the test TC0192
04/03/2014 15:26:43 devpinoyLogger ***********************************TC0192 --- Skip
04/03/2014 15:26:44 devpinoyLogger Skipping the test TC0193
04/03/2014 15:26:44 devpinoyLogger ***********************************TC0193 --- Skip
04/03/2014 15:26:45 devpinoyLogger Skipping the test TC0194
04/03/2014 15:26:45 devpinoyLogger ***********************************TC0194 --- Skip
04/03/2014 15:26:46 devpinoyLogger Skipping the test TC0195
04/03/2014 15:26:46 devpinoyLogger ***********************************TC0195 --- Skip
04/03/2014 15:26:47 devpinoyLogger Skipping the test TC0196
04/03/2014 15:26:47 devpinoyLogger ***********************************TC0196 --- Skip
04/03/2014 15:26:48 devpinoyLogger Skipping the test TC0197
04/03/2014 15:26:48 devpinoyLogger ***********************************TC0197 --- Skip
04/03/2014 15:26:49 devpinoyLogger Skipping the test TC0198
04/03/2014 15:26:49 devpinoyLogger ***********************************TC0198 --- Skip
04/03/2014 15:26:50 devpinoyLogger Skipping the test TC0199
04/03/2014 15:26:50 devpinoyLogger ***********************************TC0199 --- Skip
04/03/2014 15:26:51 devpinoyLogger Skipping the test TC0200
04/03/2014 15:26:51 devpinoyLogger ***********************************TC0200 --- Skip
04/03/2014 15:26:52 devpinoyLogger Skipping the test TC0201
04/03/2014 15:26:52 devpinoyLogger ***********************************TC0201 --- Skip
04/03/2014 15:26:53 devpinoyLogger Skipping the test TC0202
04/03/2014 15:26:53 devpinoyLogger ***********************************TC0202 --- Skip
04/03/2014 15:26:55 devpinoyLogger Skipping the test TC0203
04/03/2014 15:26:55 devpinoyLogger ***********************************TC0203 --- Skip
04/03/2014 15:26:56 devpinoyLogger Skipping the test TC0204
04/03/2014 15:26:56 devpinoyLogger ***********************************TC0204 --- Skip
04/03/2014 15:26:57 devpinoyLogger Skipping the test TC0205
04/03/2014 15:26:57 devpinoyLogger ***********************************TC0205 --- Skip
04/03/2014 15:26:58 devpinoyLogger Skipping the test TC0206
04/03/2014 15:26:58 devpinoyLogger ***********************************TC0206 --- Skip
04/03/2014 15:26:59 devpinoyLogger Skipping the test TC0207
04/03/2014 15:26:59 devpinoyLogger ***********************************TC0207 --- Skip
04/03/2014 15:27:00 devpinoyLogger Skipping the test TC0208
04/03/2014 15:27:00 devpinoyLogger ***********************************TC0208 --- Skip
04/03/2014 15:27:01 devpinoyLogger Skipping the test TC0209
04/03/2014 15:27:01 devpinoyLogger ***********************************TC0209 --- Skip
04/03/2014 15:27:02 devpinoyLogger Skipping the test TC0210
04/03/2014 15:27:02 devpinoyLogger ***********************************TC0210 --- Skip
04/03/2014 15:27:03 devpinoyLogger Skipping the test TC0211
04/03/2014 15:27:03 devpinoyLogger ***********************************TC0211 --- Skip
04/03/2014 15:27:04 devpinoyLogger Skipping the test TC0212
04/03/2014 15:27:04 devpinoyLogger ***********************************TC0212 --- Skip
04/03/2014 15:27:05 devpinoyLogger Skipping the test TC0213
04/03/2014 15:27:05 devpinoyLogger ***********************************TC0213 --- Skip
04/03/2014 15:27:06 devpinoyLogger Skipping the test TC0214
04/03/2014 15:27:06 devpinoyLogger ***********************************TC0214 --- Skip
04/03/2014 15:27:07 devpinoyLogger Skipping the test TC0215
04/03/2014 15:27:07 devpinoyLogger ***********************************TC0215 --- Skip
04/03/2014 15:27:08 devpinoyLogger Skipping the test TC0216
04/03/2014 15:27:08 devpinoyLogger ***********************************TC0216 --- Skip
04/03/2014 15:27:09 devpinoyLogger Skipping the test TC0217
04/03/2014 15:27:09 devpinoyLogger ***********************************TC0217 --- Skip
04/03/2014 15:27:10 devpinoyLogger Skipping the test TC0218
04/03/2014 15:27:10 devpinoyLogger ***********************************TC0218 --- Skip
04/03/2014 15:27:11 devpinoyLogger Skipping the test TC0219
04/03/2014 15:27:11 devpinoyLogger ***********************************TC0219 --- Skip
04/03/2014 15:27:12 devpinoyLogger Skipping the test TC0220
04/03/2014 15:27:12 devpinoyLogger ***********************************TC0220 --- Skip
04/03/2014 15:27:14 devpinoyLogger Skipping the test TC0221
04/03/2014 15:27:14 devpinoyLogger ***********************************TC0221 --- Skip
04/03/2014 15:27:15 devpinoyLogger Skipping the test TC0222
04/03/2014 15:27:15 devpinoyLogger ***********************************TC0222 --- Skip
04/03/2014 15:27:16 devpinoyLogger Skipping the test TC0223
04/03/2014 15:27:16 devpinoyLogger ***********************************TC0223 --- Skip
04/03/2014 15:27:17 devpinoyLogger Skipping the test TC0224
04/03/2014 15:27:17 devpinoyLogger ***********************************TC0224 --- Skip
04/03/2014 15:27:18 devpinoyLogger Skipping the test TC0225
04/03/2014 15:27:18 devpinoyLogger ***********************************TC0225 --- Skip
04/03/2014 15:27:19 devpinoyLogger Skipping the test TC0226
04/03/2014 15:27:19 devpinoyLogger ***********************************TC0226 --- Skip
04/03/2014 15:27:20 devpinoyLogger Skipping the test TC0227
04/03/2014 15:27:20 devpinoyLogger ***********************************TC0227 --- Skip
04/03/2014 15:27:21 devpinoyLogger Skipping the test TC0228
04/03/2014 15:27:21 devpinoyLogger ***********************************TC0228 --- Skip
04/03/2014 15:27:22 devpinoyLogger Skipping the test TC0229
04/03/2014 15:27:22 devpinoyLogger ***********************************TC0229 --- Skip
04/03/2014 15:27:23 devpinoyLogger Skipping the test TC0230
04/03/2014 15:27:23 devpinoyLogger ***********************************TC0230 --- Skip
04/03/2014 15:27:24 devpinoyLogger Skipping the test TC0231
04/03/2014 15:27:24 devpinoyLogger ***********************************TC0231 --- Skip
04/03/2014 15:27:25 devpinoyLogger Skipping the test TC0232
04/03/2014 15:27:25 devpinoyLogger ***********************************TC0232 --- Skip
04/03/2014 15:27:26 devpinoyLogger Skipping the test TC0233
04/03/2014 15:27:26 devpinoyLogger ***********************************TC0233 --- Skip
04/03/2014 15:27:27 devpinoyLogger Skipping the test TC0234
04/03/2014 15:27:27 devpinoyLogger ***********************************TC0234 --- Skip
04/03/2014 15:27:28 devpinoyLogger Skipping the test TC0235
04/03/2014 15:27:28 devpinoyLogger ***********************************TC0235 --- Skip
04/03/2014 15:27:29 devpinoyLogger Skipping the test TC0236
04/03/2014 15:27:29 devpinoyLogger ***********************************TC0236 --- Skip
04/03/2014 15:27:30 devpinoyLogger Skipping the test TC0237
04/03/2014 15:27:30 devpinoyLogger ***********************************TC0237 --- Skip
04/03/2014 15:27:31 devpinoyLogger Skipping the test TC0238
04/03/2014 15:27:31 devpinoyLogger ***********************************TC0238 --- Skip
04/03/2014 15:27:32 devpinoyLogger Skipping the test TC0239
04/03/2014 15:27:32 devpinoyLogger ***********************************TC0239 --- Skip
04/03/2014 15:27:33 devpinoyLogger Skipping the test TC0240
04/03/2014 15:27:33 devpinoyLogger ***********************************TC0240 --- Skip
04/03/2014 15:27:34 devpinoyLogger Skipping the test TC0241
04/03/2014 15:27:34 devpinoyLogger ***********************************TC0241 --- Skip
04/03/2014 15:27:36 devpinoyLogger Skipping the test TC0242
04/03/2014 15:27:36 devpinoyLogger ***********************************TC0242 --- Skip
04/03/2014 15:27:37 devpinoyLogger Skipping the test TC0243
04/03/2014 15:27:37 devpinoyLogger ***********************************TC0243 --- Skip
04/03/2014 15:27:38 devpinoyLogger Skipping the test TC0244
04/03/2014 15:27:38 devpinoyLogger ***********************************TC0244 --- Skip
04/03/2014 15:27:39 devpinoyLogger Skipping the test TC0245
04/03/2014 15:27:39 devpinoyLogger ***********************************TC0245 --- Skip
04/03/2014 15:27:40 devpinoyLogger Skipping the test TC0246
04/03/2014 15:27:40 devpinoyLogger ***********************************TC0246 --- Skip
04/03/2014 15:27:41 devpinoyLogger Skipping the test TC0247
04/03/2014 15:27:41 devpinoyLogger ***********************************TC0247 --- Skip
04/03/2014 15:27:42 devpinoyLogger Skipping the test TC0248
04/03/2014 15:27:42 devpinoyLogger ***********************************TC0248 --- Skip
04/03/2014 15:27:43 devpinoyLogger Skipping the test TC0249
04/03/2014 15:27:43 devpinoyLogger ***********************************TC0249 --- Skip
04/03/2014 15:27:44 devpinoyLogger Skipping the test TC0250
04/03/2014 15:27:44 devpinoyLogger ***********************************TC0250 --- Skip
04/03/2014 15:27:45 devpinoyLogger Skipping the test TC0251
04/03/2014 15:27:45 devpinoyLogger ***********************************TC0251 --- Skip
04/03/2014 15:27:46 devpinoyLogger Skipping the test TC0252
04/03/2014 15:27:46 devpinoyLogger ***********************************TC0252 --- Skip
04/03/2014 15:27:47 devpinoyLogger Skipping the test TC0253
04/03/2014 15:27:47 devpinoyLogger ***********************************TC0253 --- Skip
04/03/2014 15:27:48 devpinoyLogger Skipping the test TC0254
04/03/2014 15:27:48 devpinoyLogger ***********************************TC0254 --- Skip
04/03/2014 15:27:49 devpinoyLogger Skipping the test TC0255
04/03/2014 15:27:49 devpinoyLogger ***********************************TC0255 --- Skip
04/03/2014 15:27:50 devpinoyLogger Skipping the test TC0256
04/03/2014 15:27:50 devpinoyLogger ***********************************TC0256 --- Skip
04/03/2014 15:27:51 devpinoyLogger Skipping the test TC0257
04/03/2014 15:27:51 devpinoyLogger ***********************************TC0257 --- Skip
04/03/2014 15:27:52 devpinoyLogger Skipping the test TC0258
04/03/2014 15:27:52 devpinoyLogger ***********************************TC0258 --- Skip
04/03/2014 15:27:53 devpinoyLogger Skipping the test TC0259
04/03/2014 15:27:53 devpinoyLogger ***********************************TC0259 --- Skip
04/03/2014 15:27:54 devpinoyLogger Skipping the test TC0260
04/03/2014 15:27:54 devpinoyLogger ***********************************TC0260 --- Skip
04/03/2014 15:27:55 devpinoyLogger Skipping the test TC0261
04/03/2014 15:27:55 devpinoyLogger ***********************************TC0261 --- Skip
04/03/2014 15:27:57 devpinoyLogger Skipping the test TC0262
04/03/2014 15:27:57 devpinoyLogger ***********************************TC0262 --- Skip
04/03/2014 15:27:58 devpinoyLogger Skipping the test TC0263
04/03/2014 15:27:58 devpinoyLogger ***********************************TC0263 --- Skip
04/03/2014 15:27:59 devpinoyLogger Skipping the test TC0264
04/03/2014 15:27:59 devpinoyLogger ***********************************TC0264 --- Skip
04/03/2014 15:28:00 devpinoyLogger Skipping the test TC0265
04/03/2014 15:28:00 devpinoyLogger ***********************************TC0265 --- Skip
04/03/2014 15:28:01 devpinoyLogger Skipping the test TC0266
04/03/2014 15:28:01 devpinoyLogger ***********************************TC0266 --- Skip
04/03/2014 15:28:02 devpinoyLogger Skipping the test TC0267
04/03/2014 15:28:02 devpinoyLogger ***********************************TC0267 --- Skip
04/03/2014 15:28:03 devpinoyLogger Skipping the test TC0268
04/03/2014 15:28:03 devpinoyLogger ***********************************TC0268 --- Skip
04/03/2014 15:28:04 devpinoyLogger Skipping the test TC0269
04/03/2014 15:28:04 devpinoyLogger ***********************************TC0269 --- Skip
04/03/2014 15:28:05 devpinoyLogger Skipping the test TC0270
04/03/2014 15:28:05 devpinoyLogger ***********************************TC0270 --- Skip
04/03/2014 15:28:06 devpinoyLogger Skipping the test TC0271
04/03/2014 15:28:06 devpinoyLogger ***********************************TC0271 --- Skip
04/03/2014 15:28:07 devpinoyLogger Skipping the test TC0272
04/03/2014 15:28:07 devpinoyLogger ***********************************TC0272 --- Skip
04/03/2014 15:28:08 devpinoyLogger Skipping the test TC0273
04/03/2014 15:28:08 devpinoyLogger ***********************************TC0273 --- Skip
04/03/2014 15:28:09 devpinoyLogger Skipping the test TC0274
04/03/2014 15:28:09 devpinoyLogger ***********************************TC0274 --- Skip
04/03/2014 15:28:10 devpinoyLogger Skipping the test TC0275
04/03/2014 15:28:10 devpinoyLogger ***********************************TC0275 --- Skip
04/03/2014 15:28:12 devpinoyLogger Skipping the test TC0276
04/03/2014 15:28:12 devpinoyLogger ***********************************TC0276 --- Skip
04/03/2014 15:28:13 devpinoyLogger Skipping the test TC0277
04/03/2014 15:28:13 devpinoyLogger ***********************************TC0277 --- Skip
04/03/2014 15:28:14 devpinoyLogger Skipping the test TC0278
04/03/2014 15:28:14 devpinoyLogger ***********************************TC0278 --- Skip
04/03/2014 15:28:15 devpinoyLogger Skipping the test TC0279
04/03/2014 15:28:15 devpinoyLogger ***********************************TC0279 --- Skip
04/03/2014 15:28:16 devpinoyLogger Skipping the test TC0280
04/03/2014 15:28:16 devpinoyLogger ***********************************TC0280 --- Skip
04/03/2014 15:28:17 devpinoyLogger Skipping the test TC0281
04/03/2014 15:28:17 devpinoyLogger ***********************************TC0281 --- Skip
04/03/2014 15:28:18 devpinoyLogger Skipping the test TC0282
04/03/2014 15:28:18 devpinoyLogger ***********************************TC0282 --- Skip
04/03/2014 15:28:19 devpinoyLogger Skipping the test TC0283
04/03/2014 15:28:19 devpinoyLogger ***********************************TC0283 --- Skip
04/03/2014 15:28:20 devpinoyLogger Skipping the test TC0284
04/03/2014 15:28:20 devpinoyLogger ***********************************TC0284 --- Skip
04/03/2014 15:28:21 devpinoyLogger Skipping the test TC0285
04/03/2014 15:28:21 devpinoyLogger ***********************************TC0285 --- Skip
04/03/2014 15:28:22 devpinoyLogger Skipping the test TC0286
04/03/2014 15:28:22 devpinoyLogger ***********************************TC0286 --- Skip
04/03/2014 15:28:23 devpinoyLogger Skipping the test TC0287
04/03/2014 15:28:23 devpinoyLogger ***********************************TC0287 --- Skip
04/03/2014 15:28:24 devpinoyLogger Skipping the test TC0288
04/03/2014 15:28:24 devpinoyLogger ***********************************TC0288 --- Skip
04/03/2014 15:28:25 devpinoyLogger Skipping the test TC0289
04/03/2014 15:28:25 devpinoyLogger ***********************************TC0289 --- Skip
04/03/2014 15:28:27 devpinoyLogger Skipping the test TC0290
04/03/2014 15:28:27 devpinoyLogger ***********************************TC0290 --- Skip
04/03/2014 15:28:28 devpinoyLogger Skipping the test TC0291
04/03/2014 15:28:28 devpinoyLogger ***********************************TC0291 --- Skip
04/03/2014 15:28:29 devpinoyLogger Skipping the test TC0292
04/03/2014 15:28:29 devpinoyLogger ***********************************TC0292 --- Skip
04/03/2014 15:28:30 devpinoyLogger Skipping the test TC0293
04/03/2014 15:28:30 devpinoyLogger ***********************************TC0293 --- Skip
04/03/2014 15:28:31 devpinoyLogger Skipping the test TC0294
04/03/2014 15:28:31 devpinoyLogger ***********************************TC0294 --- Skip
04/03/2014 15:28:32 devpinoyLogger Skipping the test TC0295
04/03/2014 15:28:32 devpinoyLogger ***********************************TC0295 --- Skip
04/03/2014 15:28:33 devpinoyLogger Skipping the test TC0296
04/03/2014 15:28:33 devpinoyLogger ***********************************TC0296 --- Skip
04/03/2014 15:28:34 devpinoyLogger Skipping the test TC0297
04/03/2014 15:28:34 devpinoyLogger ***********************************TC0297 --- Skip
04/03/2014 15:28:35 devpinoyLogger Skipping the test TC0298
04/03/2014 15:28:35 devpinoyLogger ***********************************TC0298 --- Skip
04/03/2014 15:28:36 devpinoyLogger Skipping the test TC0299
04/03/2014 15:28:36 devpinoyLogger ***********************************TC0299 --- Skip
04/03/2014 15:28:37 devpinoyLogger Skipping the test TC0300
04/03/2014 15:28:37 devpinoyLogger ***********************************TC0300 --- Skip
